2020-01-10 09:24:37 [main] Starting DataSpiderApplication on WIN-3ECEOOUQQCD with PID 7584 (F:\famework\mobile\mobile\data-spider\target\classes started by Administrator in F:\famework\mobile\mobile\data-spider)
2020-01-10 09:24:37 [main] No active profile set, falling back to default profiles: default
2020-01-10 09:24:41 [main] Started DataSpiderApplication in 4.357 seconds (JVM running for 6.845)
2020-01-10 09:27:52 [http-nio-8800-exec-3] 联通采集账单信息开始--->
2020-01-10 09:28:48 [http-nio-8800-exec-3] 联通采集账单信息结束<---
2020-01-10 09:31:07 [http-nio-8800-exec-5] 联通采集缴费信息开始--->
2020-01-10 09:31:48 [http-nio-8800-exec-5] 联通采集缴费信息结束<---
2020-01-10 09:34:44 [http-nio-8800-exec-9] 联通采集上网流量信息开始--->
2020-01-10 09:38:59 [http-nio-8800-exec-5] 联通采集上网流量信息开始--->
2020-01-10 09:38:59 [http-nio-8800-exec-5] 采集上网流量信息息失败 18621788748, org.openqa.selenium.NoSuchSessionException: Session ID is null. Using WebDriver after calling quit()?
Build info: version: '3.141.59', revision: 'e82be7d358', time: '2018-11-14T08:17:03'
System info: host: 'WIN-3ECEOOUQQCD', ip: '192.168.88.171', os.name: 'Windows 10', os.arch: 'amd64', os.version: '10.0', java.version: '1.8.0_111'
Driver info: driver.version: RemoteWebDriver
2020-01-10 09:39:30 [main] Starting DataSpiderApplication on WIN-3ECEOOUQQCD with PID 14756 (F:\famework\mobile\mobile\data-spider\target\classes started by Administrator in F:\famework\mobile\mobile\data-spider)
2020-01-10 09:39:30 [main] No active profile set, falling back to default profiles: default
2020-01-10 09:39:34 [main] Started DataSpiderApplication in 4.119 seconds (JVM running for 6.531)
2020-01-10 09:42:35 [http-nio-8800-exec-3] 联通采集上网流量信息开始--->
2020-01-10 09:43:24 [http-nio-8800-exec-4] 联通采集上网流量信息开始--->
2020-01-10 09:44:18 [http-nio-8800-exec-4] 联通采集上网流量信息结束<---
2020-01-10 09:44:34 [http-nio-8800-exec-5] 联通采集上网流量信息开始--->
2020-01-10 09:45:15 [http-nio-8800-exec-5] 联通采集上网流量信息结束<---
2020-01-10 09:47:57 [http-nio-8800-exec-7] absolute=/Users/longlongl/project_jar/static/images/alipay/b39c49f6e066a5ec32e35bee83a24e2b.png
2020-01-10 09:49:21 [main] Starting DataSpiderApplication on WIN-3ECEOOUQQCD with PID 21452 (F:\famework\mobile\mobile\data-spider\target\classes started by Administrator in F:\famework\mobile\mobile\data-spider)
2020-01-10 09:49:21 [main] No active profile set, falling back to default profiles: default
2020-01-10 09:49:25 [main] Started DataSpiderApplication in 4.385 seconds (JVM running for 7.317)
2020-01-10 09:49:44 [http-nio-8800-exec-1] absolute=/Users/longlongl/project_jar/static/images/alipay/e7753243bc19f7fe366540c9d1afa1bb.png
2020-01-10 09:51:03 [main] Starting DataSpiderApplication on WIN-3ECEOOUQQCD with PID 8048 (F:\famework\mobile\mobile\data-spider\target\classes started by Administrator in F:\famework\mobile\mobile\data-spider)
2020-01-10 09:51:03 [main] No active profile set, falling back to default profiles: default
2020-01-10 09:51:08 [main] Started DataSpiderApplication in 5.218 seconds (JVM running for 7.524)
2020-01-10 09:51:53 [http-nio-8800-exec-1] absolute=/Users/longlongl/project_jar/static/images/alipay/6f08b2279d5eae08a2fdf88f83b55429.png
2020-01-10 09:53:35 [http-nio-8800-exec-6] absolute=/Users/longlongl/project_jar/static/images/mobile/8ec65aaf1bff02a8ca35c4745bb28133.png
2020-01-10 09:58:22 [http-nio-8800-exec-8] absolute=/Users/longlongl/project_jar/static/images/alipay/e93af1c9940acd4115d5601fe9814348.png
2020-01-10 09:58:32 [http-nio-8800-exec-9] absolute=/Users/longlongl/project_jar/static/images/alipay/67eb4b8e4f986e05d970ebc8645ab393.png
2020-01-10 09:58:32 [http-nio-8800-exec-10] absolute=/Users/longlongl/project_jar/static/images/alipay/d3cdd1c5db8e3d4dedfcbc2b878a368e.png
2020-01-10 09:58:42 [http-nio-8800-exec-1] absolute=/Users/longlongl/project_jar/static/images/alipay/d5ef0b4b210def1faba93976e728eb74.png
2020-01-10 09:58:42 [http-nio-8800-exec-2] absolute=/Users/longlongl/project_jar/static/images/alipay/ce682e6959d02b8654afdee01aa77549.png
2020-01-10 09:58:51 [http-nio-8800-exec-4] absolute=/Users/longlongl/project_jar/static/images/alipay/a34bd55da2fd847fc30c9a9ab01eeca7.png
2020-01-10 09:58:52 [http-nio-8800-exec-3] absolute=/Users/longlongl/project_jar/static/images/alipay/2bfbe906449e409abbdba073934822b9.png
2020-01-10 09:59:01 [http-nio-8800-exec-5] absolute=/Users/longlongl/project_jar/static/images/alipay/6b8e08047b535a78d47c38899d9d7f48.png
2020-01-10 09:59:33 [http-nio-8800-exec-6] absolute=/Users/longlongl/project_jar/static/images/alipay/a0921159b2ef8f8fb4b723533c61b3eb.png
2020-01-10 09:59:50 [http-nio-8800-exec-7] absolute=/Users/longlongl/project_jar/static/images/alipay/d356e74b35bad1599c9012f14a34cc10.png
2020-01-10 10:00:15 [main] Starting DataSpiderApplication on WIN-3ECEOOUQQCD with PID 7588 (F:\famework\mobile\mobile\data-spider\target\classes started by Administrator in F:\famework\mobile\mobile\data-spider)
2020-01-10 10:00:15 [main] No active profile set, falling back to default profiles: default
2020-01-10 10:00:18 [main] Started DataSpiderApplication in 3.719 seconds (JVM running for 5.971)
2020-01-10 10:00:32 [http-nio-8800-exec-1] absolute=/Users/longlongl/project_jar/static/images/alipay/1ce93ec1b5c61920b5a964194ad8c7d6.png
2020-01-10 10:03:43 [main] Starting DataSpiderApplication on WIN-3ECEOOUQQCD with PID 24004 (F:\famework\mobile\mobile\data-spider\target\classes started by Administrator in F:\famework\mobile\mobile\data-spider)
2020-01-10 10:03:43 [main] No active profile set, falling back to default profiles: default
2020-01-10 10:03:46 [main] Started DataSpiderApplication in 3.644 seconds (JVM running for 5.86)
2020-01-10 10:09:51 [http-nio-8800-exec-3] absolute=/Users/longlongl/project_jar/static/images/mobile/2b898705eedb38891d7a2e37317630ce.png
2020-01-10 10:19:20 [http-nio-8800-exec-1] absolute=/Users/longlongl/project_jar/static/images/mobile/2b898705eedb38891d7a2e37317630ce.png
2020-01-10 10:22:07 [http-nio-8800-exec-4] absolute=/Users/longlongl/project_jar/static/images/mobile/2b898705eedb38891d7a2e37317630ce.png
2020-01-10 10:25:35 [http-nio-8800-exec-7] absolute=/Users/longlongl/project_jar/static/images/mobile/2b898705eedb38891d7a2e37317630ce.png
2020-01-10 10:27:40 [http-nio-8800-exec-10] absolute=/Users/longlongl/project_jar/static/images/mobile/2b898705eedb38891d7a2e37317630ce.png
2020-01-10 10:28:27 [http-nio-8800-exec-1] absolute=/Users/longlongl/project_jar/static/images/mobile/2b898705eedb38891d7a2e37317630ce.png
2020-01-10 10:28:44 [http-nio-8800-exec-2] 联通采集上网流量信息开始--->
2020-01-10 10:29:05 [http-nio-8800-exec-2] 联通采集上网流量信息结束<---
2020-01-10 10:29:15 [http-nio-8800-exec-3] 联通采集上网流量信息开始--->
2020-01-10 10:29:35 [http-nio-8800-exec-3] 联通采集上网流量信息结束<---
2020-01-10 10:29:37 [http-nio-8800-exec-4] 联通采集套餐信息开始--->
2020-01-10 10:29:43 [http-nio-8800-exec-4] 联通采集套餐信息结束<---
2020-01-10 10:29:47 [http-nio-8800-exec-5] 联通采集通话信息开始--->
2020-01-10 10:30:25 [http-nio-8800-exec-5] 联通采集通话信息结束<---
2020-01-10 10:30:57 [http-nio-8800-exec-7] 采集上网流量数据发生异常 18268884978,org.openqa.selenium.NoSuchSessionException: Session ID is null. Using WebDriver after calling quit()?
Build info: version: '3.141.59', revision: 'e82be7d358', time: '2018-11-14T08:17:03'
System info: host: 'WIN-3ECEOOUQQCD', ip: '192.168.88.171', os.name: 'Windows 10', os.arch: 'amd64', os.version: '10.0', java.version: '1.8.0_111'
Driver info: driver.version: RemoteWebDriver
2020-01-10 10:31:24 [http-nio-8800-exec-8] absolute=/Users/longlongl/project_jar/static/images/alipay/4315192b86d0c042416d82f9db8702fb.png
2020-01-10 10:31:33 [http-nio-8800-exec-9] absolute=/Users/longlongl/project_jar/static/images/alipay/06a9032449d4ec8ca1cd0b8acda0c60d.png
2020-01-10 10:32:50 [main] Starting DataSpiderApplication on WIN-3ECEOOUQQCD with PID 24028 (F:\famework\mobile\mobile\data-spider\target\classes started by Administrator in F:\famework\mobile\mobile\data-spider)
2020-01-10 10:32:50 [main] No active profile set, falling back to default profiles: default
2020-01-10 10:32:54 [main] Started DataSpiderApplication in 3.952 seconds (JVM running for 6.724)
2020-01-10 10:33:13 [http-nio-8800-exec-1] absolute=/Users/longlongl/project_jar/static/images/alipay/c8d933bdd81e8f4ef702f7edcd8a0aca.png
2020-01-10 10:35:22 [http-nio-8800-exec-6] absolute=/Users/longlongl/project_jar/static/images/mobile/e74dfc54b9e9c6a45fbabda5a9dcc14f.png
2020-01-10 10:37:45 [http-nio-8800-exec-9] 开始采集个人信息：18268884978
2020-01-10 10:39:10 [http-nio-8800-exec-1] absolute=/Users/longlongl/project_jar/static/images/alipay/cc77991e4d61a1d8ca01d4f58971bc5b.png
2020-01-10 10:42:48 [main] Starting DataSpiderApplication on WIN-3ECEOOUQQCD with PID 25548 (F:\famework\mobile\mobile\data-spider\target\classes started by Administrator in F:\famework\mobile\mobile\data-spider)
2020-01-10 10:42:48 [main] No active profile set, falling back to default profiles: default
2020-01-10 10:42:51 [main] Started DataSpiderApplication in 3.685 seconds (JVM running for 6.58)
2020-01-10 10:43:11 [http-nio-8800-exec-1] absolute=/Users/longlongl/project_jar/static/images/alipay/cbff9e8228ecd5839a8f58ff27c94019.png
2020-01-10 10:45:30 [main] Starting DataSpiderApplication on WIN-3ECEOOUQQCD with PID 5988 (F:\famework\mobile\mobile\data-spider\target\classes started by Administrator in F:\famework\mobile\mobile\data-spider)
2020-01-10 10:45:30 [main] No active profile set, falling back to default profiles: default
2020-01-10 10:45:34 [main] Started DataSpiderApplication in 3.605 seconds (JVM running for 6.411)
2020-01-10 10:45:47 [http-nio-8800-exec-1] absolute=/Users/longlongl/project_jar/static/images/alipay/d8203341bf6d8e4fd9267da26bfc92af.png
2020-01-10 10:47:21 [http-nio-8800-exec-2] absolute=/Users/longlongl/project_jar/static/images/alipay/211c2f873e47b9b588e8f3bdf88b125a.png
2020-01-10 10:48:25 [http-nio-8800-exec-6] absolute=/Users/longlongl/project_jar/static/images/alipay/211c2f873e47b9b588e8f3bdf88b125a.png
2020-01-10 10:49:15 [http-nio-8800-exec-9] page=1,row_index=0
2020-01-10 10:49:15 [http-nio-8800-exec-9] page=1,row_index=1
2020-01-10 10:49:15 [http-nio-8800-exec-9] page=1,row_index=2
2020-01-10 10:49:15 [http-nio-8800-exec-9] page=1,row_index=3
2020-01-10 10:49:15 [http-nio-8800-exec-9] page=1,row_index=4
2020-01-10 10:49:15 [http-nio-8800-exec-9] page=1,row_index=5
2020-01-10 10:49:20 [http-nio-8800-exec-9] 1 杨李南，18130448196，安徽省 安庆市 潜山市 梅城镇 铭心家园14栋2 ，000000
2020-01-10 10:49:20 [http-nio-8800-exec-9] page=1,row_index=6
2020-01-10 10:49:26 [http-nio-8800-exec-9] 1 彭明松，86-18621788748，湖北省 武汉市 洪山区 洪山街道 马湖新村保利心语1区7栋1101 ，430070
2020-01-10 10:49:26 [http-nio-8800-exec-9] page=1,row_index=7
2020-01-10 10:49:31 [http-nio-8800-exec-9] 1 彭明松，86-18621788748，湖北省 武汉市 洪山区 洪山街道 马湖新村保利心语1区7栋1101 ，430070
2020-01-10 10:49:31 [http-nio-8800-exec-9] page=1,row_index=8
2020-01-10 10:49:37 [http-nio-8800-exec-9] 1 彭明松，86-18621788748，湖北省 武汉市 洪山区 洪山街道 马湖新村创意天地04办公楼801 ，000000
2020-01-10 10:49:37 [http-nio-8800-exec-9] page=1,row_index=9
2020-01-10 10:49:42 [http-nio-8800-exec-9] 1 彭明松，86-18621788748，湖北省 武汉市 洪山区 洪山街道 马湖新村创意天地04办公楼801 ，000000
2020-01-10 10:49:42 [http-nio-8800-exec-9] page=1,row_index=10
2020-01-10 10:49:47 [http-nio-8800-exec-9] 1 彭明松，86-18621788748，湖北省 武汉市 洪山区 洪山街道 马湖新村保利心语1区7栋1101 ，430070
2020-01-10 10:49:47 [http-nio-8800-exec-9] page=1,row_index=11
2020-01-10 10:49:53 [http-nio-8800-exec-9] 1 彭明松，86-18621788748，湖北省 武汉市 洪山区 洪山街道 马湖新村创意天地04办公楼801 ，000000
2020-01-10 10:49:53 [http-nio-8800-exec-9] page=1,row_index=12
2020-01-10 10:49:58 [http-nio-8800-exec-9] 1 彭明松，86-18621788748，北京 北京市 海淀区 西北旺镇 永丰路大牛坊19期惠民便利店王勇 ，000000
2020-01-10 10:49:58 [http-nio-8800-exec-9] page=1,row_index=13
2020-01-10 10:50:04 [http-nio-8800-exec-9] 1 彭明松，86-18621788748，北京 北京市 海淀区 西北旺镇 永丰路大牛坊19期惠民便利店王勇 ，000000
2020-01-10 10:50:04 [http-nio-8800-exec-9] page=1,row_index=14
2020-01-10 10:50:09 [http-nio-8800-exec-9] 1 彭明松，86-18621788748，北京 北京市 海淀区 西北旺镇 永丰路大牛坊19期惠民便利店王勇 ，000000
2020-01-10 10:50:14 [http-nio-8800-exec-9] page=2, page_=2
2020-01-10 10:50:14 [http-nio-8800-exec-9] page=2,row_index=0
2020-01-10 10:50:20 [http-nio-8800-exec-9] 2 物流信息 收货地址： 杨李南 ，18130448196 ， ，安徽省 安庆市 潜山县 梅城镇安徽省安庆市潜山县梅城镇南岳路1035号(NCWLAHC00407:25060443)请至村小二卢*处自提 ，000000 运送方式： 快递 物流公司： 圆通速递 运单号： YT4088691225300 买家留言：
2020-01-10 10:50:20 [http-nio-8800-exec-9] page=2,row_index=1
2020-01-10 10:50:20 [http-nio-8800-exec-9] page=2,row_index=2
2020-01-10 10:50:25 [http-nio-8800-exec-9] 2 物流信息 收货地址： 彭明松 ，18621788748 ， ，湖北省 武汉市 洪山区 马湖新村创意天地04办公楼801 ，000000 运送方式： 快递 物流公司： 中通快递 运单号： 75148637711995 买家留言：
2020-01-10 10:50:25 [http-nio-8800-exec-9] page=2,row_index=3
2020-01-10 10:50:25 [http-nio-8800-exec-9] page=2,row_index=4
2020-01-10 10:50:25 [http-nio-8800-exec-9] page=2,row_index=5
2020-01-10 10:50:25 [http-nio-8800-exec-9] page=2,row_index=6
2020-01-10 10:50:31 [http-nio-8800-exec-9] 2 物流信息 收货地址： 彭明松 ，18621788748 ， ，湖北省 武汉市 洪山区 狮子山街道野芷湖西路马湖新村东大门口菜鸟驿站(菜鸟驿站:15927341152) ，430070 运送方式： 快递 物流公司： 中通快递 运单号： 75142043381142 买家留言：
2020-01-10 10:50:31 [http-nio-8800-exec-9] page=2,row_index=7
2020-01-10 10:50:36 [http-nio-8800-exec-9] 2 物流信息 收货地址： 彭明松 ，18621788748 ， ，湖北省 武汉市 洪山区 狮子山街道野芷湖西路马湖新村东大门口菜鸟驿站(菜鸟驿站:15927341152) ，430070 运送方式： 快递 物流公司： 韵达快递 运单号： 3720720314714 买家留言：
2020-01-10 10:50:36 [http-nio-8800-exec-9] page=2,row_index=8
2020-01-10 10:50:36 [http-nio-8800-exec-9] page=2,row_index=9
2020-01-10 10:50:41 [http-nio-8800-exec-9] 2 物流信息 收货地址： 彭明松 ，18621788748 ， ，湖北省 武汉市 洪山区 马湖新村创意天地04办公楼801 ，430070 运送方式： 快递 物流公司： 圆通速递 运单号： 805188572635165209 买家留言：
2020-01-10 10:50:41 [http-nio-8800-exec-9] page=2,row_index=10
2020-01-10 10:50:41 [http-nio-8800-exec-9] page=2,row_index=11
2020-01-10 10:50:41 [http-nio-8800-exec-9] page=2,row_index=12
2020-01-10 10:50:47 [http-nio-8800-exec-9] 2 物流信息 收货地址： 陈永珍 ，13636168313 ， ，湖北省 十堰市 竹溪县 农贸大厅门口 ，442300 运送方式： 快递 物流公司： 中通快递 运单号： 75125853586858 买家留言：
2020-01-10 10:50:47 [http-nio-8800-exec-9] page=2,row_index=13
2020-01-10 10:50:47 [http-nio-8800-exec-9] page=2,row_index=14
2020-01-10 10:50:52 [http-nio-8800-exec-9] 2 物流信息 收货地址： 包兰芝 ，17751906391 ， ，江苏省 淮安市 淮安区 永怀东路松松共享云仓农村淘宝（18701843040）(NCWLJSC00410:11480351)请至村小二杨*处自提 ，000000 运送方式： 快递 物流公司： 申通快递 运单号： 3396452720517 买家留言：
2020-01-10 10:50:57 [http-nio-8800-exec-9] page=3, page_=3
2020-01-10 10:50:57 [http-nio-8800-exec-9] page=3,row_index=0
2020-01-10 10:51:03 [http-nio-8800-exec-9] 2 物流信息 收货地址： 彭明松 ，18621788748 ， ，湖北省 武汉市 洪山区 马湖新村创意天地04办公楼801 ，000000 运送方式： 快递 物流公司： 申通快递 运单号： 3396406068203 买家留言：
2020-01-10 10:51:03 [http-nio-8800-exec-9] page=3,row_index=1
2020-01-10 10:51:08 [http-nio-8800-exec-9] 2 物流信息 收货地址： 彭明松 ，18621788748 ， ，湖北省 武汉市 洪山区 马湖新村创意天地04办公楼801 ，000000 运送方式： 快递 物流公司： 韵达快递 运单号： 3831999261340 买家留言：
2020-01-10 10:51:08 [http-nio-8800-exec-9] page=3,row_index=2
2020-01-10 10:51:13 [http-nio-8800-exec-9] 2 物流信息 收货地址： 陈永珍 ，13636168313 ， ，湖北省 十堰市 竹溪县 农贸大厅门口 ，442300 运送方式： 快递 物流公司： 百世快递 运单号： 71274406506931 买家留言：
2020-01-10 10:51:14 [http-nio-8800-exec-9] page=3,row_index=3
2020-01-10 10:51:19 [http-nio-8800-exec-9] 2 物流信息 收货地址： 陈永珍 ，13636168313 ， ，湖北省 十堰市 竹溪县 农贸大厅门口 ，442300 运送方式： 快递 物流公司： 韵达快递 运单号： 3921238489399 买家留言：
2020-01-10 10:51:19 [http-nio-8800-exec-9] page=3,row_index=4
2020-01-10 10:51:19 [http-nio-8800-exec-9] page=3,row_index=5
2020-01-10 10:51:24 [http-nio-8800-exec-9] 2 物流信息 收货地址： 彭明松 ，18621788748 ， ，湖北省 武汉市 洪山区 马湖新村创意天地04办公楼801 ，000000 运送方式： 快递 物流公司： 邮政快递包裹 运单号： 9894449495288 买家留言：
2020-01-10 10:51:24 [http-nio-8800-exec-9] page=3,row_index=6
2020-01-10 10:51:30 [http-nio-8800-exec-9] 2 物流信息 收货地址： 彭明松 ，18621788748 ， ，湖北省 武汉市 洪山区 马湖新村创意天地04办公楼801 ，000000 运送方式： 快递 物流公司： 天天快递 运单号： 669489198315 买家留言：
2020-01-10 10:51:30 [http-nio-8800-exec-9] page=3,row_index=7
2020-01-10 10:51:35 [http-nio-8800-exec-9] 2 物流信息 收货地址： 刘艳华 ，13872776488 ， ，湖北省 十堰市 竹溪县 北环路鄂渝陕物流广场菜鸟乡村（农村淘宝）(HBZX087:79796233)请至村小二李**处自提 ，000000 运送方式： 快递 物流公司： 圆通速递 运单号： 803418277647569727 买家留言：
2020-01-10 10:51:35 [http-nio-8800-exec-9] page=3,row_index=8
2020-01-10 10:51:40 [http-nio-8800-exec-9] 2 物流信息 收货地址： 彭明松 ，18621788748 ， ，湖北省 武汉市 洪山区 马湖新村创意天地04办公楼801 ，000000 运送方式： 快递 物流公司： 韵达快递 运单号： 3834543417320 买家留言：
2020-01-10 10:51:40 [http-nio-8800-exec-9] page=3,row_index=9
2020-01-10 10:51:46 [http-nio-8800-exec-9] 2 物流信息 收货地址： 彭明松 ，18621788748 ， ，湖北省 武汉市 洪山区 马湖新村创意天地04办公楼801 ，000000 运送方式： 快递 物流公司： 中通快递 运单号： 75112684636250 买家留言：
2020-01-10 10:51:46 [http-nio-8800-exec-9] page=3,row_index=10
2020-01-10 10:51:51 [http-nio-8800-exec-9] 2 物流信息 收货地址： 张倩 ，17317208440 ， ，上海 上海市 浦东新区 北蔡镇北艾路1765弄21号603室 ，000000 运送方式： 快递 物流公司： 中通快递 运单号： 75110313874945 买家留言：
2020-01-10 10:51:51 [http-nio-8800-exec-9] page=3,row_index=11
2020-01-10 10:51:51 [http-nio-8800-exec-9] page=3,row_index=12
2020-01-10 10:51:51 [http-nio-8800-exec-9] page=3,row_index=13
2020-01-10 10:51:51 [http-nio-8800-exec-9] page=3,row_index=14
2020-01-10 10:51:56 [http-nio-8800-exec-9] page=4, page_=4
2020-01-10 10:51:57 [http-nio-8800-exec-9] page=4,row_index=0
2020-01-10 10:52:02 [http-nio-8800-exec-9] 2 物流信息 收货地址： 彭明松 ，18621788748 ， ，湖北省 武汉市 洪山区 马湖新村创意天地04办公楼801 ，000000 运送方式： 快递 物流公司： 中通快递 运单号： 280620096678 买家留言：
2020-01-10 10:52:02 [http-nio-8800-exec-9] page=4,row_index=1
2020-01-10 10:52:07 [http-nio-8800-exec-9] 2 物流信息 收货地址： 肖敏 ，15342745541 ， ，湖北省 武汉市 江岸区 锦绣家园幽兰苑9栋二单元 ，000000 运送方式： 快递 物流公司： 顺丰速运 运单号： 708369999010 买家留言： 蛋黄月饼2份，送人，包装务必做好，要新鲜。
2020-01-10 10:52:07 [http-nio-8800-exec-9] page=4,row_index=2
2020-01-10 10:52:13 [http-nio-8800-exec-9] 2 物流信息 收货地址： 彭明松 ，18621788748 ， ，湖北省 武汉市 洪山区 马湖新村创意天地04办公楼801 ，000000 运送方式： 快递 物流公司： 中通快递 运单号： 262727259592 买家留言：
2020-01-10 10:52:13 [http-nio-8800-exec-9] page=4,row_index=3
2020-01-10 10:52:13 [http-nio-8800-exec-9] page=4,row_index=4
2020-01-10 10:52:18 [http-nio-8800-exec-9] 2 物流信息 收货地址： 彭明松 ，18621788748 ， ，湖北省 武汉市 洪山区 湖北省武汉市洪山区马湖新村52栋1门 ，430070 运送方式： 平邮 物流公司： — 运单号： — 买家留言：
2020-01-10 10:52:18 [http-nio-8800-exec-9] page=4,row_index=5
2020-01-10 10:52:18 [http-nio-8800-exec-9] page=4,row_index=6
2020-01-10 10:52:18 [http-nio-8800-exec-9] page=4,row_index=7
2020-01-10 10:52:18 [http-nio-8800-exec-9] page=4,row_index=8
2020-01-10 10:52:18 [http-nio-8800-exec-9] page=4,row_index=9
2020-01-10 10:52:18 [http-nio-8800-exec-9] page=4,row_index=10
2020-01-10 10:52:18 [http-nio-8800-exec-9] page=4,row_index=11
2020-01-10 10:52:23 [http-nio-8800-exec-9] 2 物流信息 收货地址： 高玮 ，13042761180 ， ，湖北省 十堰市 张湾区 北京北路72号教育局十堰市教育局-就业指导中心 ，000000 运送方式： 平邮 物流公司： — 运单号： — 买家留言：
2020-01-10 10:52:23 [http-nio-8800-exec-9] page=4,row_index=12
2020-01-10 10:52:29 [http-nio-8800-exec-9] 2 物流信息 收货地址： 彭明松 ，18621788748 ， ，湖北省 武汉市 洪山区 马湖新村创意天地05办公楼3楼 ，430070 运送方式： 快递 物流公司： 圆通速递 运单号： 889877632488353617 买家留言：
2020-01-10 10:52:29 [http-nio-8800-exec-9] page=4,row_index=13
2020-01-10 10:52:34 [http-nio-8800-exec-9] 2 物流信息 收货地址： 彭明松 ，18621788748 ， ，湖北省 武汉市 洪山区 马湖新村创意天地05办公楼3楼 ，430070 运送方式： 快递 物流公司： 邮政快递包裹 运单号： 9892783597410 买家留言：
2020-01-10 10:52:34 [http-nio-8800-exec-9] page=4,row_index=14
2020-01-10 10:52:40 [http-nio-8800-exec-9] 2 物流信息 收货地址： 高玮 ，13042761180 ， ，湖北省 十堰市 张湾区 北京北路72号教育局十堰市教育局-就业指导中心 ，000000 运送方式： 快递 物流公司： 邮政快递包裹 运单号： 9892783593568 买家留言：
2020-01-10 10:52:45 [http-nio-8800-exec-9] page=5, page_=5
2020-01-10 10:52:45 [http-nio-8800-exec-9] page=5,row_index=0
2020-01-10 10:52:50 [http-nio-8800-exec-9] 2 物流信息 收货地址： 彭明松 ，18621788748 ， ，湖北省 武汉市 洪山区 马湖新村创意天地05办公楼3楼 ，430070 运送方式： 快递 物流公司： 圆通速递 运单号： 889872197165515240 买家留言：
2020-01-10 10:52:50 [http-nio-8800-exec-9] page=5,row_index=1
2020-01-10 10:52:56 [http-nio-8800-exec-9] 2 物流信息 收货地址： 彭明松 ，18621788748 ， ，湖北省 武汉市 洪山区 马湖新村创意天地05办公楼3楼 ，430070 运送方式： 快递 物流公司： 圆通速递 运单号： 889624220149105756 买家留言： 发票信息： 发票抬头： 个人
2020-01-10 10:52:56 [http-nio-8800-exec-9] page=5,row_index=2
2020-01-10 10:53:01 [http-nio-8800-exec-9] 2 物流信息 收货地址： 彭明松 ，18621788748 ， ，湖北省 武汉市 洪山区 马湖新村创意天地05办公楼3楼 ，430070 运送方式： 快递 物流公司： 韵达快递 运单号： 3928241520476 买家留言：
2020-01-10 10:53:01 [http-nio-8800-exec-9] page=5,row_index=3
2020-01-10 10:53:06 [http-nio-8800-exec-9] 2 物流信息 收货地址： 彭明松 ，18621788748 ， ，湖北省 武汉市 洪山区 马湖新村创意天地05办公楼3楼 ，430070 运送方式： 快递 物流公司： 韵达快递 运单号： 3920635799760 买家留言：
2020-01-10 10:53:07 [http-nio-8800-exec-9] page=5,row_index=4
2020-01-10 10:53:12 [http-nio-8800-exec-9] 2 物流信息 收货地址： 彭明松 ，18621788748 ， ，湖北省 武汉市 洪山区 马湖新村创意天地05办公楼3楼 ，430070 运送方式： 快递 物流公司： 中通快递 运单号： 493886370580 买家留言：
2020-01-10 10:53:12 [http-nio-8800-exec-9] page=5,row_index=5
2020-01-10 10:53:17 [http-nio-8800-exec-9] 2 物流信息 收货地址： 彭明松 ，18621788748 ， ，湖北省 武汉市 洪山区 马湖新村创意天地05办公楼3楼 ，430070 运送方式： 快递 物流公司： 韵达快递 运单号： 3920635307949 买家留言：
2020-01-10 10:53:17 [http-nio-8800-exec-9] page=5,row_index=6
2020-01-10 10:53:17 [http-nio-8800-exec-9] page=5,row_index=7
2020-01-10 10:53:17 [http-nio-8800-exec-9] page=5,row_index=8
2020-01-10 10:53:23 [http-nio-8800-exec-9] 2 物流信息 收货地址： 彭明松 ，18621788748 ， ，湖北省 武汉市 洪山区 马湖新村创意天地05办公楼3楼 ，430070 运送方式： 快递 物流公司： 顺丰速运 运单号： 457178998088 买家留言： 发票信息： 发票抬头： 个人
2020-01-10 10:53:23 [http-nio-8800-exec-9] page=5,row_index=9
2020-01-10 10:53:28 [http-nio-8800-exec-9] 2 物流信息 收货地址： 陈永珍 ，13636168313 ， ，湖北省 十堰市 竹溪县 农贸大厅门口 ，442300 运送方式： 快递 物流公司： 圆通速递 运单号： 888290034795348823 买家留言：
2020-01-10 10:53:28 [http-nio-8800-exec-9] page=5,row_index=10
2020-01-10 10:53:33 [http-nio-8800-exec-9] 2 物流信息 收货地址： 彭明松 ，18621788748 ， ，湖北省 武汉市 洪山区 马湖新村创意天地05办公楼3楼 ，430070 运送方式： 快递 物流公司： 中通快递 运单号： 477687554030 买家留言： 发票信息： 发票抬头： 个人
2020-01-10 10:53:33 [http-nio-8800-exec-9] page=5,row_index=11
2020-01-10 10:53:39 [http-nio-8800-exec-9] 2 物流信息 收货地址： 彭明松 ，18621788748 ， ，湖北省 武汉市 洪山区 湖北省武汉市洪山区马湖新村52栋1门 ，430070 运送方式： 快递 物流公司： 韵达快递 运单号： 3937560034832 买家留言：
2020-01-10 10:53:39 [http-nio-8800-exec-9] page=5,row_index=12
2020-01-10 10:53:44 [http-nio-8800-exec-9] 2 物流信息 收货地址： 彭明松 ，18621788748 ， ，湖北省 武汉市 洪山区 湖北省武汉市洪山区马湖新村52栋1门 ，430070 运送方式： 快递 物流公司： 韵达快递 运单号： 3906131374508 买家留言：
2020-01-10 10:53:44 [http-nio-8800-exec-9] page=5,row_index=13
2020-01-10 10:53:50 [http-nio-8800-exec-9] 2 物流信息 收货地址： 彭明松 ，18621788748 ， ，湖北省 武汉市 洪山区 湖北省武汉市洪山区马湖新村52栋1门 ，430070 运送方式： 快递 物流公司： 圆通速递 运单号： 887990046102604372 买家留言：
2020-01-10 10:53:50 [http-nio-8800-exec-9] page=5,row_index=14
2020-01-10 10:53:55 [http-nio-8800-exec-9] 2 物流信息 收货地址： 彭明松 ，18621788748 ， ，湖北省 武汉市 洪山区 湖北省武汉市洪山区马湖新村52栋1门 ，430070 运送方式： 快递 物流公司： 圆通速递 运单号： 887986563034301300 买家留言：
2020-01-10 10:54:00 [http-nio-8800-exec-9] page=6, page_=6
2020-01-10 10:54:00 [http-nio-8800-exec-9] page=6,row_index=0
2020-01-10 10:54:00 [http-nio-8800-exec-9] page=6,row_index=1
2020-01-10 10:54:06 [http-nio-8800-exec-9] 2 物流信息 收货地址： 彭明松 ，18621788748 ， ，湖北省 武汉市 洪山区 湖北省武汉市洪山区马湖新村52栋1门 ，430070 运送方式： 快递 物流公司： 中通快递 运单号： 468932530909 买家留言：
2020-01-10 10:54:06 [http-nio-8800-exec-9] page=6,row_index=2
2020-01-10 10:54:06 [http-nio-8800-exec-9] page=6,row_index=3
2020-01-10 10:54:06 [http-nio-8800-exec-9] page=6,row_index=4
2020-01-10 10:54:06 [http-nio-8800-exec-9] page=6,row_index=5
2020-01-10 10:54:11 [http-nio-8800-exec-9] 2 物流信息 收货地址： 彭明松 ，18621788748 ， ，湖北省 武汉市 洪山区 湖北省武汉市洪山区马湖新村52栋1门 ，430070 运送方式： 快递 物流公司： 申通快递 运单号： 3345832905279 买家留言：
2020-01-10 10:54:11 [http-nio-8800-exec-9] page=6,row_index=6
2020-01-10 10:54:11 [http-nio-8800-exec-9] page=6,row_index=7
2020-01-10 10:54:11 [http-nio-8800-exec-9] page=6,row_index=8
2020-01-10 10:54:11 [http-nio-8800-exec-9] page=6,row_index=9
2020-01-10 10:54:11 [http-nio-8800-exec-9] page=6,row_index=10
2020-01-10 10:54:11 [http-nio-8800-exec-9] page=6,row_index=11
2020-01-10 10:54:11 [http-nio-8800-exec-9] page=6,row_index=12
2020-01-10 10:54:16 [http-nio-8800-exec-9] 2 物流信息 收货地址： 彭明松 ，18621788748 ， ，上海 上海市 浦东新区 新德西路德川路新德佳苑511弄38号602 ，200120 运送方式： 快递 物流公司： 申通快递 运单号： 3341041361220 买家留言： 发票信息： 发票抬头： 彭明松
2020-01-10 10:54:16 [http-nio-8800-exec-9] page=6,row_index=13
2020-01-10 10:54:16 [http-nio-8800-exec-9] page=6,row_index=14
2020-01-10 10:54:21 [http-nio-8800-exec-9] page=7, page_=7
2020-01-10 10:54:22 [http-nio-8800-exec-9] page=7,row_index=0
2020-01-10 10:54:22 [http-nio-8800-exec-9] page=7,row_index=1
2020-01-10 10:54:27 [http-nio-8800-exec-9] 2 物流信息 收货地址： 彭明松 ，18621788748 ， ，上海 上海市 浦东新区 新德西路德川路新德佳苑511弄38号602 ，200120 运送方式： 快递 物流公司： 韵达快递 运单号： 3902191107015 买家留言：
2020-01-10 10:54:27 [http-nio-8800-exec-9] page=7,row_index=2
2020-01-10 10:54:33 [http-nio-8800-exec-9] 2 物流信息 收货地址： 彭明松 ，18621788748 ， ，上海 上海市 浦东新区 新德西路德川路新德佳苑511弄38号602 ，200120 运送方式： 快递 物流公司： 韵达快递 运单号： 3912691332076 买家留言：
2020-01-10 10:54:33 [http-nio-8800-exec-9] page=7,row_index=3
2020-01-10 10:54:38 [http-nio-8800-exec-9] 2 物流信息 收货地址： 彭明松 ，18621788748 ， ，上海 上海市 浦东新区 新德西路德川路新德佳苑511弄38号602 ，200120 运送方式： 快递 物流公司： 韵达快递 运单号： 3979496200424 买家留言：
2020-01-10 10:54:38 [http-nio-8800-exec-9] page=7,row_index=4
2020-01-10 10:54:38 [http-nio-8800-exec-9] page=7,row_index=5
2020-01-10 10:54:43 [http-nio-8800-exec-9] 2 物流信息 收货地址： 彭明松 ，18621788748 ， ，上海 上海市 浦东新区 新德西路德川路新德佳苑511弄38号602 ，200120 运送方式： 快递 物流公司： 圆通速递 运单号： 885827355569341161 买家留言：
2020-01-10 10:54:43 [http-nio-8800-exec-9] page=7,row_index=6
2020-01-10 10:54:43 [http-nio-8800-exec-9] page=7,row_index=7
2020-01-10 10:54:43 [http-nio-8800-exec-9] page=7,row_index=8
2020-01-10 10:54:49 [http-nio-8800-exec-9] 2 物流信息 收货地址： 彭明松 ，18621788748 ， ，上海 上海市 浦东新区 新德西路德川路新德佳苑511弄38号602 ，200120 运送方式： 快递 物流公司： 圆通速递 运单号： 885678101517098800 买家留言：
2020-01-10 10:54:49 [http-nio-8800-exec-9] page=7,row_index=9
2020-01-10 10:54:49 [http-nio-8800-exec-9] page=7,row_index=10
2020-01-10 10:54:49 [http-nio-8800-exec-9] page=7,row_index=11
2020-01-10 10:54:49 [http-nio-8800-exec-9] page=7,row_index=12
2020-01-10 10:54:49 [http-nio-8800-exec-9] page=7,row_index=13
2020-01-10 10:54:49 [http-nio-8800-exec-9] page=7,row_index=14
2020-01-10 10:54:54 [http-nio-8800-exec-9] page=8, page_=8
2020-01-10 10:54:54 [http-nio-8800-exec-9] page=8,row_index=0
2020-01-10 10:54:59 [http-nio-8800-exec-9] 2 物流信息 收货地址： 彭明松 ，18621788748 ， ，上海 上海市 浦东新区 新德西路德川路新德佳苑511弄38号602 ，200120 运送方式： 快递 物流公司： 苏宁物流配送 运单号： SN0030001144250300 买家留言： 发票信息： 发票抬头： 彭明松
2020-01-10 10:55:00 [http-nio-8800-exec-9] page=8,row_index=1
2020-01-10 10:55:05 [http-nio-8800-exec-9] 2 物流信息 收货地址： 彭明松 ，18621788748 ， ，上海 上海市 浦东新区 新德西路德川路新德佳苑511弄38号602 ，200120 运送方式： 快递 物流公司： 中通快递 运单号： 439926697233 买家留言：
2020-01-10 10:55:05 [http-nio-8800-exec-9] page=8,row_index=2
2020-01-10 10:55:10 [http-nio-8800-exec-9] 2 物流信息 收货地址： 彭明松 ，18621788748 ， ，上海 上海市 浦东新区 新德西路德川路新德佳苑511弄38号602 ，200120 运送方式： 快递 物流公司： 圆通速递 运单号： 885166442519190176 买家留言：
2020-01-10 10:55:10 [http-nio-8800-exec-9] page=8,row_index=3
2020-01-10 10:55:16 [http-nio-8800-exec-9] 2 物流信息 收货地址： 彭明松 ，18621788748 ， ，上海 上海市 浦东新区 新德西路德川路新德佳苑511弄38号602 ，200120 运送方式： 快递 物流公司： 当当出版配送 运单号： 35114770267 买家留言：
2020-01-10 10:55:16 [http-nio-8800-exec-9] page=8,row_index=4
2020-01-10 10:55:16 [http-nio-8800-exec-9] page=8,row_index=5
2020-01-10 10:55:16 [http-nio-8800-exec-9] page=8,row_index=6
2020-01-10 10:55:21 [http-nio-8800-exec-9] 2 物流信息 收货地址： 彭明松 ，18621788748 ， ，上海 上海市 浦东新区 新德西路德川路新德佳苑511弄38号602 ，200120 运送方式： 快递 物流公司： 申通快递 运单号： 3327593338778 买家留言： 发票信息： 发票抬头： 彭明松
2020-01-10 10:55:21 [http-nio-8800-exec-9] page=8,row_index=7
2020-01-10 10:55:26 [http-nio-8800-exec-9] 2 物流信息 收货地址： 彭明松 ，18621788748 ， ，上海 上海市 浦东新区 新德西路德川路新德佳苑511弄38号602 ，200120 运送方式： 快递 物流公司： 圆通速递 运单号： 884765664084367846 买家留言： 发票信息： 发票抬头： 彭明松
2020-01-10 10:55:26 [http-nio-8800-exec-9] page=8,row_index=8
2020-01-10 10:55:32 [http-nio-8800-exec-9] 2 物流信息 收货地址： 彭明松 ，18621788748 ， ，上海 上海市 浦东新区 新德西路德川路新德佳苑511弄38号602 ，200120 运送方式： 快递 物流公司： 中通快递 运单号： 433612954836 买家留言： 发票信息： 发票抬头： 彭明松
2020-01-10 10:55:32 [http-nio-8800-exec-9] page=8,row_index=9
2020-01-10 10:55:37 [http-nio-8800-exec-9] 2 物流信息 收货地址： 彭明松 ，18621788748 ， ，上海 上海市 浦东新区 新德西路德川路新德佳苑511弄38号602 ，200120 运送方式： 快递 物流公司： 百世快递 运单号： 70027133827028 买家留言：
2020-01-10 10:55:37 [http-nio-8800-exec-9] page=8,row_index=10
2020-01-10 10:55:37 [http-nio-8800-exec-9] page=8,row_index=11
2020-01-10 10:55:37 [http-nio-8800-exec-9] page=8,row_index=12
2020-01-10 10:55:37 [http-nio-8800-exec-9] page=8,row_index=13
2020-01-10 10:55:37 [http-nio-8800-exec-9] page=8,row_index=14
2020-01-10 10:55:42 [http-nio-8800-exec-9] page=9, page_=9
2020-01-10 10:55:43 [http-nio-8800-exec-9] page=9,row_index=0
2020-01-10 10:55:48 [http-nio-8800-exec-9] 2 物流信息 收货地址： 高玮 ，13042761180 ， ，湖北省 十堰市 竹山县 四季花城3号楼1004 ，442200 运送方式： 快递 物流公司： 韵达快递 运单号： 3914791910506 买家留言： 发票信息： 发票抬头： 高玮
2020-01-10 10:55:48 [http-nio-8800-exec-9] page=9,row_index=1
2020-01-10 10:55:48 [http-nio-8800-exec-9] page=9,row_index=2
2020-01-10 10:55:53 [http-nio-8800-exec-9] 2 物流信息 收货地址： 陈永珍 ，13636168313 ， ，湖北省 十堰市 竹溪县 水寨村5组 ，442300 运送方式： 快递 物流公司： 圆通速递 运单号： 884109072644258240 买家留言：
2020-01-10 10:55:53 [http-nio-8800-exec-9] page=9,row_index=3
2020-01-10 10:55:53 [http-nio-8800-exec-9] page=9,row_index=4
2020-01-10 10:55:59 [http-nio-8800-exec-9] 2 物流信息 收货地址： 彭明松 ，18621788748 ， ，上海 上海市 浦东新区 上海市浦东新区张江镇郭守敬路498号3号楼208室 ，200120 运送方式： 快递 物流公司： — 运单号： — 买家留言：
2020-01-10 10:55:59 [http-nio-8800-exec-9] page=9,row_index=5
2020-01-10 10:55:59 [http-nio-8800-exec-9] page=9,row_index=6
2020-01-10 10:56:04 [http-nio-8800-exec-9] 2 物流信息 收货地址： 彭明松 ，18621788748 ， ，上海 上海市 浦东新区 上海市浦东新区张江镇郭守敬路498号3号楼208室 ，200120 运送方式： EMS 物流公司： — 运单号： — 买家留言：
2020-01-10 10:56:04 [http-nio-8800-exec-9] page=9,row_index=7
2020-01-10 10:56:09 [http-nio-8800-exec-9] 2 物流信息 收货地址： 彭明松 ，18621788748 ， ，上海 上海市 浦东新区 上海市浦东新区张江镇郭守敬路498号3号楼208室 ，200120 运送方式： 快递 物流公司： — 运单号： — 买家留言：
2020-01-10 10:56:09 [http-nio-8800-exec-9] page=9,row_index=8
2020-01-10 10:56:15 [http-nio-8800-exec-9] 2 物流信息 收货地址： 彭明松 ，18621788748 ， ，上海 上海市 浦东新区 上海市浦东新区张江镇郭守敬路498号3号楼208室 ，200120 运送方式： 快递 物流公司： 百世快递 运单号： 70988223381538 买家留言：
2020-01-10 10:56:15 [http-nio-8800-exec-9] page=9,row_index=9
2020-01-10 10:56:20 [http-nio-8800-exec-9] 2 物流信息 收货地址： 彭明松 ，18621788748 ， ，上海 上海市 浦东新区 上海市浦东新区张江镇郭守敬路498号3号楼208室 ，200120 运送方式： 快递 物流公司： 申通快递 运单号： 3320982764484 买家留言：
2020-01-10 10:56:20 [http-nio-8800-exec-9] page=9,row_index=10
2020-01-10 10:56:20 [http-nio-8800-exec-9] page=9,row_index=11
2020-01-10 10:56:20 [http-nio-8800-exec-9] page=9,row_index=12
2020-01-10 10:56:20 [http-nio-8800-exec-9] page=9,row_index=13
2020-01-10 10:56:26 [http-nio-8800-exec-9] 2 物流信息 收货地址： 高玮 ，13042761180 ， ，湖北省 十堰市 竹山县 四季花城3号楼1004 ，442200 运送方式： 快递 物流公司： 圆通速递 运单号： 883840520139073954 买家留言：
2020-01-10 10:56:26 [http-nio-8800-exec-9] page=9,row_index=14
2020-01-10 10:56:31 [http-nio-8800-exec-9] 2 物流信息 收货地址： 彭明松 ，18621788748 ， ，上海 上海市 浦东新区 上海市浦东新区张江镇郭守敬路498号3号楼208室 ，200120 运送方式： 快递 物流公司： 圆通速递 运单号： 883703892501807611 买家留言：
2020-01-10 10:56:36 [http-nio-8800-exec-9] page=10, page_=10
2020-01-10 10:56:36 [http-nio-8800-exec-9] page=10,row_index=0
2020-01-10 10:56:36 [http-nio-8800-exec-9] page=10,row_index=1
2020-01-10 10:56:36 [http-nio-8800-exec-9] page=10,row_index=2
2020-01-10 10:56:36 [http-nio-8800-exec-9] page=10,row_index=3
2020-01-10 10:56:36 [http-nio-8800-exec-9] page=10,row_index=4
2020-01-10 10:56:42 [http-nio-8800-exec-9] 2 物流信息 收货地址： 彭明松 ，18621788748 ， ，上海 上海市 浦东新区 上海市浦东新区张江镇郭守敬路498号3号楼208室 ，200120 运送方式： 快递 物流公司： 圆通速递 运单号： 883447670048976218 买家留言：
2020-01-10 10:56:42 [http-nio-8800-exec-9] page=10,row_index=5
2020-01-10 10:56:47 [http-nio-8800-exec-9] 2 物流信息 收货地址： 彭明松 ，18621788748 ， ，上海 上海市 浦东新区 上海市浦东新区张江镇郭守敬路498号3号楼208室 ，200120 运送方式： 快递 物流公司： 万象-上海-小家电 运单号： 032975580448150-1 买家留言： 发票信息： 发票抬头： 彭明松
2020-01-10 10:56:47 [http-nio-8800-exec-9] page=10,row_index=6
2020-01-10 10:56:52 [http-nio-8800-exec-9] 2 物流信息 收货地址： 彭明松 ，18621788748 ， ，上海 上海市 浦东新区 上海市浦东新区张江镇郭守敬路498号3号楼208室 ，200120 运送方式： 快递 物流公司： 百世快递 运单号： 70017024023870 买家留言：
2020-01-10 10:56:52 [http-nio-8800-exec-9] page=10,row_index=7
2020-01-10 10:56:52 [http-nio-8800-exec-9] page=10,row_index=8
2020-01-10 10:56:52 [http-nio-8800-exec-9] page=10,row_index=9
2020-01-10 10:56:52 [http-nio-8800-exec-9] page=10,row_index=10
2020-01-10 10:56:58 [http-nio-8800-exec-9] page=10,row_index=11
2020-01-10 10:57:03 [http-nio-8800-exec-9] 2 物流信息 收货地址： 彭明松 ，18621788748 ， ，上海 上海市 浦东新区 上海市浦东新区张江镇郭守敬路498号3号楼208室 ，200120 运送方式： 快递 物流公司： 中通快递 运单号： 414378648367 买家留言： 发票信息： 发票抬头： 彭明松
2020-01-10 10:57:03 [http-nio-8800-exec-9] page=10,row_index=12
2020-01-10 10:57:08 [http-nio-8800-exec-9] 2 物流信息 收货地址： 彭明松 ，18621788748 ， ，上海 上海市 浦东新区 上海市浦东新区张江镇郭守敬路498号3号楼208室 ，200120 运送方式： 快递 物流公司： — 运单号： — 买家留言：
2020-01-10 10:57:08 [http-nio-8800-exec-9] page=10,row_index=13
2020-01-10 10:57:14 [http-nio-8800-exec-9] 2 物流信息 收货地址： 彭明松 ，18621788748 ， ，上海 上海市 浦东新区 上海市浦东新区张江镇郭守敬路498号3号楼208室 ，200120 运送方式： 快递 物流公司： — 运单号： — 买家留言：
2020-01-10 10:57:14 [http-nio-8800-exec-9] page=10,row_index=14
2020-01-10 10:57:19 [http-nio-8800-exec-9] 2 物流信息 收货地址： 彭明松 ，18621788748 ， ，上海 上海市 浦东新区 上海市浦东新区张江镇郭守敬路498号3号楼208室 ，200120 运送方式： 快递 物流公司： 中通快递 运单号： 719500331162 买家留言：
2020-01-10 10:57:25 [http-nio-8800-exec-9] page=11, page_=11
2020-01-10 10:57:25 [http-nio-8800-exec-9] page=11,row_index=0
2020-01-10 10:57:25 [http-nio-8800-exec-9] page=11,row_index=1
2020-01-10 10:57:30 [http-nio-8800-exec-9] 2 物流信息 收货地址： 陈永珍 ，13636168313 ， ，湖北省 十堰市 竹溪县 水寨村5组 ，442300 运送方式： 快递 物流公司： 韵达快递 运单号： 1202284924397 买家留言：
2020-01-10 10:57:30 [http-nio-8800-exec-9] page=11,row_index=2
2020-01-10 10:57:30 [http-nio-8800-exec-9] page=11,row_index=3
2020-01-10 10:57:30 [http-nio-8800-exec-9] page=11,row_index=4
2020-01-10 10:57:30 [http-nio-8800-exec-9] page=11,row_index=5
2020-01-10 10:57:30 [http-nio-8800-exec-9] page=11,row_index=6
2020-01-10 10:57:36 [http-nio-8800-exec-9] 2 物流信息 收货地址： 彭明松 ，18621788748 ， ，上海 上海市 浦东新区 上海市浦东新区张江镇郭守敬路498号3号楼208室 ，200120 运送方式： 快递 物流公司： 中通快递 运单号： 407869482930 买家留言：
2020-01-10 10:57:36 [http-nio-8800-exec-9] page=11,row_index=7
2020-01-10 10:57:41 [http-nio-8800-exec-9] 2 物流信息 收货地址： 彭明松 ，18621788748 ， ，上海 上海市 浦东新区 上海市浦东新区张江镇郭守敬路498号3号楼208室 ，200120 运送方式： 快递 物流公司： 百世快递 运单号： 70455011221604 买家留言：
2020-01-10 10:57:41 [http-nio-8800-exec-9] page=11,row_index=8
2020-01-10 10:57:41 [http-nio-8800-exec-9] page=11,row_index=9
2020-01-10 10:57:41 [http-nio-8800-exec-9] page=11,row_index=10
2020-01-10 10:57:41 [http-nio-8800-exec-9] page=11,row_index=11
2020-01-10 10:57:41 [http-nio-8800-exec-9] page=11,row_index=12
2020-01-10 10:57:47 [http-nio-8800-exec-9] 2 物流信息 收货地址： 彭明松 ，18621788748 ， ，上海 上海市 浦东新区 上海市浦东新区张江镇郭守敬路498号3号楼208室 ，200120 运送方式： 快递 物流公司： EMS经济快递 运单号： 9777212399202 买家留言：
2020-01-10 10:57:47 [http-nio-8800-exec-9] page=11,row_index=13
2020-01-10 10:57:47 [http-nio-8800-exec-9] page=11,row_index=14
2020-01-10 10:57:52 [http-nio-8800-exec-9] 2 物流信息 收货地址： 高玮 ，13042761180 ， ，湖北省 十堰市 竹山县 千福路1号 ，000000 运送方式： 快递 物流公司： 韵达快递 运单号： 3932420849438 买家留言：
2020-01-10 10:57:57 [http-nio-8800-exec-9] page=12, page_=12
2020-01-10 10:57:57 [http-nio-8800-exec-9] page=12,row_index=0
2020-01-10 10:57:57 [http-nio-8800-exec-9] page=12,row_index=1
2020-01-10 10:58:03 [http-nio-8800-exec-9] 2 物流信息 收货地址： 高玮 ，13042761180 ， ，湖北省 十堰市 竹山县 千福路1号 ，000000 运送方式： 快递 物流公司： 韵达快递 运单号： 3903920217581 买家留言：
2020-01-10 10:58:03 [http-nio-8800-exec-9] page=12,row_index=2
2020-01-10 10:58:03 [http-nio-8800-exec-9] page=12,row_index=3
2020-01-10 10:58:03 [http-nio-8800-exec-9] page=12,row_index=4
2020-01-10 10:58:08 [http-nio-8800-exec-9] 2 物流信息 收货地址： 彭明松 ，18621788748 ， ，浙江省 杭州市 江干区 浙江省杭州市江干区市民中心B座601室 ，000000 运送方式： 快递 物流公司： 中通快递 运单号： 778787040488 买家留言：
2020-01-10 10:58:08 [http-nio-8800-exec-9] page=12,row_index=5
2020-01-10 10:58:08 [http-nio-8800-exec-9] page=12,row_index=6
2020-01-10 10:58:08 [http-nio-8800-exec-9] page=12,row_index=7
2020-01-10 10:58:08 [http-nio-8800-exec-9] page=12,row_index=8
2020-01-10 10:58:08 [http-nio-8800-exec-9] page=12,row_index=9
2020-01-10 10:58:13 [http-nio-8800-exec-9] 2 物流信息 收货地址： 高玮 ，13042761180 ， ，湖北省 十堰市 竹山县 千福路1号 ，000000 运送方式： 快递 物流公司： 顺丰速运 运单号： 784004110528 买家留言：
2020-01-10 10:58:14 [http-nio-8800-exec-9] page=12,row_index=10
2020-01-10 10:58:14 [http-nio-8800-exec-9] page=12,row_index=11
2020-01-10 10:58:19 [http-nio-8800-exec-9] 2 物流信息 收货地址： 彭明松 ，18621788748 ， ，上海 上海市 青浦区 龙联路258弄1号 ，200135 运送方式： 快递 物流公司： 韵达快递 运单号： 1000631475431 买家留言： 咖啡色 40码
2020-01-10 10:58:19 [http-nio-8800-exec-9] page=12,row_index=12
2020-01-10 10:58:19 [http-nio-8800-exec-9] page=12,row_index=13
2020-01-10 10:58:19 [http-nio-8800-exec-9] page=12,row_index=14
2020-01-10 10:58:24 [http-nio-8800-exec-9] page=13, page_=13
2020-01-10 10:58:24 [http-nio-8800-exec-9] page=13,row_index=0
2020-01-10 10:58:29 [http-nio-8800-exec-9] 2 物流信息 收货地址： 高玮 ，13042761180 ， ，湖北省 十堰市 竹山县 千福路1号 ，000000 运送方式： 快递 物流公司： 圆通速递 运单号： 881075435463882105 买家留言：
2020-01-10 10:58:30 [http-nio-8800-exec-9] page=13,row_index=1
2020-01-10 10:58:30 [http-nio-8800-exec-9] page=13,row_index=2
2020-01-10 10:58:35 [http-nio-8800-exec-9] 2 物流信息 收货地址： 彭明松 ，18621788748 ， ，上海 上海市 青浦区 上海市青浦区徐泾镇明珠路1018号D区收发室 ，000000 运送方式： 快递 物流公司： 百世汇通 运单号： 70530401022444 买家留言：
2020-01-10 10:58:35 [http-nio-8800-exec-9] page=13,row_index=3
2020-01-10 10:58:35 [http-nio-8800-exec-9] page=13,row_index=4
2020-01-10 10:58:35 [http-nio-8800-exec-9] page=13,row_index=5
2020-01-10 10:58:40 [http-nio-8800-exec-9] 2 物流信息 收货地址： 彭明松 ，18621788748 ， ，上海 上海市 青浦区 上海市青浦区徐泾镇明珠路1018号D区收发室 ，000000 运送方式： 快递 物流公司： 天天快递 运单号： 560417440228 买家留言：
2020-01-10 10:58:40 [http-nio-8800-exec-9] page=13,row_index=6
2020-01-10 10:58:40 [http-nio-8800-exec-9] page=13,row_index=7
2020-01-10 10:58:40 [http-nio-8800-exec-9] page=13,row_index=8
2020-01-10 10:58:46 [http-nio-8800-exec-9] 2 物流信息 收货地址： 彭明松 ，18621788748 ， ，上海 上海市 青浦区 上海市青浦区徐泾镇明珠路1018号D区收发室 ，000000 运送方式： 快递 物流公司： 中通快递 运单号： 719125399038 买家留言：
2020-01-10 10:58:46 [http-nio-8800-exec-9] page=13,row_index=9
2020-01-10 10:58:51 [http-nio-8800-exec-9] 2 物流信息 收货地址： 高玮 ，13042761180 ， ，湖北省 十堰市 竹山县 千福路1号 ，000000 运送方式： 快递 物流公司： 申通快递 运单号： 3302868526399 买家留言：
2020-01-10 10:58:51 [http-nio-8800-exec-9] page=13,row_index=10
2020-01-10 10:58:56 [http-nio-8800-exec-9] 2 物流信息 收货地址： 高玮 ，13042761180 ， ，湖北省 十堰市 竹山县 千福路1号 ，000000 运送方式： 快递 物流公司： 百世汇通 运单号： 50198096202965 买家留言：
2020-01-10 10:58:56 [http-nio-8800-exec-9] page=13,row_index=11
2020-01-10 10:59:02 [http-nio-8800-exec-9] 2 物流信息 收货地址： 彭明松 ，18621788748 ， ，上海 上海市 青浦区 上海市青浦区徐泾镇明珠路1018号D区收发室 ，000000 运送方式： 快递 物流公司： 申通快递 运单号： 220500228278 买家留言：
2020-01-10 10:59:02 [http-nio-8800-exec-9] page=13,row_index=12
2020-01-10 10:59:07 [http-nio-8800-exec-9] 2 物流信息 收货地址： 彭明松 ，18621788748 ， ，上海 上海市 青浦区 上海市青浦区徐泾镇明珠路1018号D区收发室 ，000000 运送方式： 快递 物流公司： 天天快递 运单号： 666219099594 买家留言： 花仙露沐浴露1L
2020-01-10 10:59:07 [http-nio-8800-exec-9] page=13,row_index=13
2020-01-10 10:59:12 [http-nio-8800-exec-9] 2 物流信息 收货地址： 彭明松 ，18621788748 ， ，上海 上海市 青浦区 上海市青浦区徐泾镇明珠路1018号D区收发室 ，000000 运送方式： 快递 物流公司： 韵达快递 运单号： 3100617014373 买家留言： L码，灰色
2020-01-10 10:59:13 [http-nio-8800-exec-9] page=13,row_index=14
2020-01-10 10:59:18 [http-nio-8800-exec-9] page=14, page_=14
2020-01-10 10:59:18 [http-nio-8800-exec-9] page=14,row_index=0
2020-01-10 10:59:18 [http-nio-8800-exec-9] page=14,row_index=1
2020-01-10 10:59:18 [http-nio-8800-exec-9] page=14,row_index=2
2020-01-10 10:59:18 [http-nio-8800-exec-9] page=14,row_index=3
2020-01-10 10:59:24 [http-nio-8800-exec-9] 2 物流信息 收货地址： 彭明松 ，18621788748 ， ，上海 上海市 青浦区 上海市青浦区徐泾镇明珠路1018号D区4楼 ，000000 运送方式： 快递 物流公司： — 运单号： — 买家留言：
2020-01-10 10:59:24 [http-nio-8800-exec-9] page=14,row_index=4
2020-01-10 10:59:24 [http-nio-8800-exec-9] page=14,row_index=5
2020-01-10 10:59:24 [http-nio-8800-exec-9] page=14,row_index=6
2020-01-10 10:59:30 [http-nio-8800-exec-9] 2 物流信息 收货地址： 彭明松 ，18621788748 ， ，上海 上海市 青浦区 龙联路258弄1号 ，200135 运送方式： 快递 物流公司： 韵达快递 运单号： 3100650273576 买家留言：
2020-01-10 10:59:30 [http-nio-8800-exec-9] page=14,row_index=7
2020-01-10 10:59:30 [http-nio-8800-exec-9] page=14,row_index=8
2020-01-10 10:59:30 [http-nio-8800-exec-9] page=14,row_index=9
2020-01-10 10:59:30 [http-nio-8800-exec-9] page=14,row_index=10
2020-01-10 10:59:30 [http-nio-8800-exec-9] page=14,row_index=11
2020-01-10 10:59:30 [http-nio-8800-exec-9] page=14,row_index=12
2020-01-10 10:59:30 [http-nio-8800-exec-9] page=14,row_index=13
2020-01-10 10:59:35 [http-nio-8800-exec-9] 2 物流信息 收货地址： 陈永珍 ，13636168313 ， ，湖北省 十堰市 竹溪县 水寨村5组 ，442300 运送方式： 快递 物流公司： 百世汇通 运单号： 280378725622 买家留言：
2020-01-10 10:59:35 [http-nio-8800-exec-9] page=14,row_index=14
2020-01-10 10:59:40 [http-nio-8800-exec-9] 2 物流信息 收货地址： 彭明松 ，18621788748 ， ，上海 上海市 青浦区 上海市青浦区徐泾镇明珠路1018号D区4楼 ，000000 运送方式： 快递 物流公司： 全峰快递 运单号： 720010888171 买家留言：
2020-01-10 10:59:46 [http-nio-8800-exec-9] page=15, page_=15
2020-01-10 10:59:46 [http-nio-8800-exec-9] page=15,row_index=0
2020-01-10 10:59:51 [http-nio-8800-exec-9] 2 物流信息 收货地址： 彭明松 ，18621788748 ， ，上海 上海市 青浦区 上海市青浦区徐泾镇明珠路1018号D区4楼 ，000000 运送方式： 快递 物流公司： 国通快递 运单号： 2591639186 买家留言：
2020-01-10 10:59:51 [http-nio-8800-exec-9] page=15,row_index=1
2020-01-10 10:59:51 [http-nio-8800-exec-9] page=15,row_index=2
2020-01-10 10:59:51 [http-nio-8800-exec-9] page=15,row_index=3
2020-01-10 10:59:51 [http-nio-8800-exec-9] page=15,row_index=4
2020-01-10 10:59:51 [http-nio-8800-exec-9] page=15,row_index=5
2020-01-10 10:59:51 [http-nio-8800-exec-9] page=15,row_index=6
2020-01-10 10:59:51 [http-nio-8800-exec-9] page=15,row_index=7
2020-01-10 10:59:51 [http-nio-8800-exec-9] page=15,row_index=8
2020-01-10 10:59:56 [http-nio-8800-exec-9] 2 物流信息 收货地址： 彭明松 ，18621788748 ， ，上海 上海市 青浦区 上海市青浦区徐泾镇明珠路1018号D区4楼 ，000000 运送方式： 快递 物流公司： 中通快递 运单号： 364760682348 买家留言：
2020-01-10 10:59:57 [http-nio-8800-exec-9] page=15,row_index=9
2020-01-10 11:00:02 [http-nio-8800-exec-9] 2 物流信息 收货地址： 彭明松 ，18621788748 ， ，上海 上海市 青浦区 上海市青浦区徐泾镇明珠路1018号D区4楼 ，000000 运送方式： 快递 物流公司： 圆通速递 运单号： 710080829241 买家留言：
2020-01-10 11:00:02 [http-nio-8800-exec-9] page=15,row_index=10
2020-01-10 11:00:07 [http-nio-8800-exec-9] 2 物流信息 收货地址： 彭明松 ，18621788748 ， ，上海 上海市 青浦区 上海市青浦区徐泾镇明珠路1018号D区4楼 ，000000 运送方式： 快递 物流公司： 韵达快递 运单号： 3100473560581 买家留言： 玫红色（短毛绒）
2020-01-10 11:00:07 [http-nio-8800-exec-9] page=15,row_index=11
2020-01-10 11:00:07 [http-nio-8800-exec-9] page=15,row_index=12
2020-01-10 11:00:07 [http-nio-8800-exec-9] page=15,row_index=13
2020-01-10 11:00:13 [http-nio-8800-exec-9] 2 物流信息 收货地址： 彭明松 ，18621788748 ， ，上海 上海市 青浦区 上海市青浦区徐泾镇明珠路1018号D区4楼 ，000000 运送方式： 快递 物流公司： — 运单号： — 买家留言：
2020-01-10 11:00:13 [http-nio-8800-exec-9] page=15,row_index=14
2020-01-10 11:00:18 [http-nio-8800-exec-9] 2 物流信息 收货地址： 彭明松 ，18621788748 ， ，上海 上海市 青浦区 上海市青浦区徐泾镇明珠路1018号D区4楼 ，000000 运送方式： 快递 物流公司： 圆通速递 运单号： 880180245788206723 买家留言： 尊享版★气质银,谢谢！ 发票信息： 发票抬头： 彭明松
2020-01-10 11:00:23 [http-nio-8800-exec-9] page=16, page_=16
2020-01-10 11:00:23 [http-nio-8800-exec-9] page=16,row_index=0
2020-01-10 11:01:06 [http-nio-8800-exec-9] 2 物流信息 收货地址： 彭明松 ，18621788748 ， ，上海 上海市 青浦区 上海市青浦区徐泾镇明珠路1018号D区4楼 ，000000 运送方式： 快递 物流公司： 韵达快递 运单号： 3922360022705 买家留言： 8065浅灰色43码，谢谢！
2020-01-10 11:01:06 [http-nio-8800-exec-9] page=16,row_index=1
2020-01-10 11:01:06 [http-nio-8800-exec-9] page=16,row_index=2
2020-01-10 11:01:06 [http-nio-8800-exec-9] page=16,row_index=3
2020-01-10 11:01:06 [http-nio-8800-exec-9] page=16,row_index=4
2020-01-10 11:01:11 [http-nio-8800-exec-9] 2 物流信息 收货地址： 李波 ，13148188309 ， ，上海 上海市 浦东新区 上海市浦东新区创新西路333弄116号402c ，000000 运送方式： 快递 物流公司： 中通快递 运单号： 728556617856 买家留言：
2020-01-10 11:01:12 [http-nio-8800-exec-9] page=16,row_index=5
2020-01-10 11:01:17 [http-nio-8800-exec-9] 2 物流信息 收货地址： 李波 ，13148188309 ， ，上海 上海市 浦东新区 上海市浦东新区创新西路333弄116号402c ，000000 运送方式： 快递 物流公司： 中通快递 运单号： 728556617856 买家留言：
2020-01-10 11:01:17 [http-nio-8800-exec-9] page=16,row_index=6
2020-01-10 11:01:22 [http-nio-8800-exec-9] 2 物流信息 收货地址： 高玮 ，13042761180 ， ，湖北省 十堰市 竹山县 千福路1号 ，000000 运送方式： 快递 物流公司： 中通快递 运单号： 761868927332 买家留言： 亲爱哒萌玮玮，我不在你身边你要照顾好自己呀，你很重要，你在我心里是最重要的最可爱的最美丽动人的！520，I LOVE YOU！特别的爱给特别的你！默默爱你的彭傻子。
2020-01-10 11:01:22 [http-nio-8800-exec-9] page=16,row_index=7
2020-01-10 11:01:22 [http-nio-8800-exec-9] page=16,row_index=8
2020-01-10 11:01:22 [http-nio-8800-exec-9] page=16,row_index=9
2020-01-10 11:01:22 [http-nio-8800-exec-9] page=16,row_index=10
2020-01-10 11:01:22 [http-nio-8800-exec-9] page=16,row_index=11
2020-01-10 11:01:22 [http-nio-8800-exec-9] page=16,row_index=12
2020-01-10 11:01:22 [http-nio-8800-exec-9] page=16,row_index=13
2020-01-10 11:01:22 [http-nio-8800-exec-9] page=16,row_index=14
2020-01-10 11:01:27 [http-nio-8800-exec-9] page=17, page_=17
2020-01-10 11:05:13 [main] Starting DataSpiderApplication on WIN-3ECEOOUQQCD with PID 16772 (F:\famework\mobile\mobile\data-spider\target\classes started by Administrator in F:\famework\mobile\mobile\data-spider)
2020-01-10 11:05:13 [main] No active profile set, falling back to default profiles: default
2020-01-10 11:05:17 [main] Started DataSpiderApplication in 3.607 seconds (JVM running for 6.696)
2020-01-10 11:05:47 [http-nio-8800-exec-3] absolute=/Users/longlongl/project_jar/static/images/alipay/9595c234e575b24216a759246ee1db86.png
2020-01-10 11:09:10 [main] Starting DataSpiderApplication on WIN-3ECEOOUQQCD with PID 25820 (F:\famework\mobile\mobile\data-spider\target\classes started by Administrator in F:\famework\mobile\mobile\data-spider)
2020-01-10 11:09:10 [main] No active profile set, falling back to default profiles: default
2020-01-10 11:09:13 [main] Started DataSpiderApplication in 3.648 seconds (JVM running for 6.606)
2020-01-10 11:09:57 [http-nio-8800-exec-2] absolute=/Users/longlongl/project_jar/static/images/alipay/9439dc765f6bf2a87bd4ce1fbe1dd441.png
2020-01-10 11:10:12 [http-nio-8800-exec-3] absolute=/Users/longlongl/project_jar/static/images/alipay/9439dc765f6bf2a87bd4ce1fbe1dd441.png
2020-01-10 11:15:48 [http-nio-8800-exec-6] absolute=/Users/longlongl/project_jar/static/images/alipay/22a01dc6d79432241913aa51f8d2ab89.png
2020-01-10 11:16:13 [main] Starting DataSpiderApplication on WIN-3ECEOOUQQCD with PID 24016 (F:\famework\mobile\mobile\data-spider\target\classes started by Administrator in F:\famework\mobile\mobile\data-spider)
2020-01-10 11:16:13 [main] No active profile set, falling back to default profiles: default
2020-01-10 11:16:16 [main] Started DataSpiderApplication in 3.677 seconds (JVM running for 6.603)
2020-01-10 11:19:22 [http-nio-8800-exec-1] absolute=/Users/longlongl/project_jar/static/images/alipay/d5a80f082368ca11bd86e699f42787ec.png
2020-01-10 11:19:33 [http-nio-8800-exec-3] absolute=/Users/longlongl/project_jar/static/images/alipay/d5a80f082368ca11bd86e699f42787ec.png
2020-01-10 11:22:14 [http-nio-8800-exec-8] absolute=/Users/longlongl/project_jar/static/images/alipay/457316390b84b17fa139242e3af5512f.png
2020-01-10 11:22:50 [main] Starting DataSpiderApplication on WIN-3ECEOOUQQCD with PID 19224 (F:\famework\mobile\mobile\data-spider\target\classes started by Administrator in F:\famework\mobile\mobile\data-spider)
2020-01-10 11:22:50 [main] No active profile set, falling back to default profiles: default
2020-01-10 11:22:54 [main] Started DataSpiderApplication in 3.757 seconds (JVM running for 5.961)
2020-01-10 11:23:27 [http-nio-8800-exec-2] absolute=/Users/longlongl/project_jar/static/images/alipay/1e655274a9e9c7511cc77b62850a37a0.png
2020-01-10 11:23:45 [http-nio-8800-exec-3] absolute=/Users/longlongl/project_jar/static/images/alipay/1e655274a9e9c7511cc77b62850a37a0.png
2020-01-10 11:24:44 [http-nio-8800-exec-4] absolute=/Users/longlongl/project_jar/static/images/alipay/1e655274a9e9c7511cc77b62850a37a0.png
2020-01-10 11:26:21 [http-nio-8800-exec-10] absolute=/Users/longlongl/project_jar/static/images/alipay/83b53208321350faae2aad659faa3d34.png
2020-01-10 11:26:33 [http-nio-8800-exec-2] absolute=/Users/longlongl/project_jar/static/images/alipay/83b53208321350faae2aad659faa3d34.png
2020-01-10 11:26:45 [http-nio-8800-exec-1] absolute=/Users/longlongl/project_jar/static/images/alipay/83b53208321350faae2aad659faa3d34.png
2020-01-10 11:27:31 [http-nio-8800-exec-1] absolute=/Users/longlongl/project_jar/static/images/alipay/3ac9f99c1c3906e8eab1c19eca453967.png
2020-01-10 11:28:22 [http-nio-8800-exec-6] absolute=/Users/longlongl/project_jar/static/images/alipay/3ac9f99c1c3906e8eab1c19eca453967.png
2020-01-10 11:30:04 [http-nio-8800-exec-3] absolute=/Users/longlongl/project_jar/static/images/alipay/83b53208321350faae2aad659faa3d34.png
2020-01-10 11:31:41 [http-nio-8800-exec-10] absolute=/Users/longlongl/project_jar/static/images/alipay/195567dc5e70585a98c6ccf0f5d9edd6.png
2020-01-10 11:31:53 [http-nio-8800-exec-6] absolute=/Users/longlongl/project_jar/static/images/alipay/195567dc5e70585a98c6ccf0f5d9edd6.png
2020-01-10 11:34:37 [http-nio-8800-exec-3] absolute=/Users/longlongl/project_jar/static/images/alipay/496ce76cee1066089c2beb3acfa6c57c.png
2020-01-10 11:34:52 [http-nio-8800-exec-7] absolute=/Users/longlongl/project_jar/static/images/alipay/496ce76cee1066089c2beb3acfa6c57c.png
2020-01-10 11:35:36 [http-nio-8800-exec-10] absolute=/Users/longlongl/project_jar/static/images/alipay/85f46bfb54c9f11191f12b94ef5fa70d.png
2020-01-10 11:35:57 [http-nio-8800-exec-6] absolute=/Users/longlongl/project_jar/static/images/alipay/85f46bfb54c9f11191f12b94ef5fa70d.png
2020-01-10 11:38:25 [http-nio-8800-exec-8] absolute=/Users/longlongl/project_jar/static/images/alipay/84bcd794830cb9c178eb0d8fa658e0c9.png
2020-01-10 11:38:44 [http-nio-8800-exec-1] absolute=/Users/longlongl/project_jar/static/images/alipay/84bcd794830cb9c178eb0d8fa658e0c9.png
2020-01-10 11:39:20 [http-nio-8800-exec-3] page=1,row_index=0
2020-01-10 11:39:20 [http-nio-8800-exec-3] page=1,row_index=1
2020-01-10 11:39:20 [http-nio-8800-exec-3] page=1,row_index=2
2020-01-10 11:39:20 [http-nio-8800-exec-3] page=1,row_index=3
2020-01-10 11:39:20 [http-nio-8800-exec-3] page=1,row_index=4
2020-01-10 11:39:20 [http-nio-8800-exec-3] page=1,row_index=5
2020-01-10 11:39:25 [http-nio-8800-exec-3] 1 杨李南，18130448196，安徽省 安庆市 潜山市 梅城镇 铭心家园14栋2 ，000000
2020-01-10 11:39:26 [http-nio-8800-exec-3] page=1,row_index=6
2020-01-10 11:39:31 [http-nio-8800-exec-3] 1 彭明松，86-18621788748，湖北省 武汉市 洪山区 洪山街道 马湖新村保利心语1区7栋1101 ，430070
2020-01-10 11:39:31 [http-nio-8800-exec-3] page=1,row_index=7
2020-01-10 11:39:36 [http-nio-8800-exec-3] 1 彭明松，86-18621788748，湖北省 武汉市 洪山区 洪山街道 马湖新村保利心语1区7栋1101 ，430070
2020-01-10 11:39:36 [http-nio-8800-exec-3] page=1,row_index=8
2020-01-10 11:39:42 [http-nio-8800-exec-3] 1 彭明松，86-18621788748，湖北省 武汉市 洪山区 洪山街道 马湖新村创意天地04办公楼801 ，000000
2020-01-10 11:39:42 [http-nio-8800-exec-3] page=1,row_index=9
2020-01-10 11:39:47 [http-nio-8800-exec-3] 1 彭明松，86-18621788748，湖北省 武汉市 洪山区 洪山街道 马湖新村创意天地04办公楼801 ，000000
2020-01-10 11:39:47 [http-nio-8800-exec-3] page=1,row_index=10
2020-01-10 11:39:52 [http-nio-8800-exec-3] 1 彭明松，86-18621788748，湖北省 武汉市 洪山区 洪山街道 马湖新村保利心语1区7栋1101 ，430070
2020-01-10 11:39:52 [http-nio-8800-exec-3] page=1,row_index=11
2020-01-10 11:39:58 [http-nio-8800-exec-3] 1 彭明松，86-18621788748，湖北省 武汉市 洪山区 洪山街道 马湖新村创意天地04办公楼801 ，000000
2020-01-10 11:39:58 [http-nio-8800-exec-3] page=1,row_index=12
2020-01-10 11:40:03 [http-nio-8800-exec-3] 1 彭明松，86-18621788748，北京 北京市 海淀区 西北旺镇 永丰路大牛坊19期惠民便利店王勇 ，000000
2020-01-10 11:40:03 [http-nio-8800-exec-3] page=1,row_index=13
2020-01-10 11:40:09 [http-nio-8800-exec-3] 1 彭明松，86-18621788748，北京 北京市 海淀区 西北旺镇 永丰路大牛坊19期惠民便利店王勇 ，000000
2020-01-10 11:40:09 [http-nio-8800-exec-3] page=1,row_index=14
2020-01-10 11:40:14 [http-nio-8800-exec-3] 1 彭明松，86-18621788748，北京 北京市 海淀区 西北旺镇 永丰路大牛坊19期惠民便利店王勇 ，000000
2020-01-10 11:40:19 [http-nio-8800-exec-3] page=2, page_=2
2020-01-10 11:40:20 [http-nio-8800-exec-3] page=2,row_index=0
2020-01-10 11:41:03 [http-nio-8800-exec-3] 2 物流信息 收货地址： 杨李南 ，18130448196 ， ，安徽省 安庆市 潜山县 梅城镇安徽省安庆市潜山县梅城镇南岳路1035号(NCWLAHC00407:25060443)请至村小二卢*处自提 ，000000 运送方式： 快递 物流公司： 圆通速递 运单号： YT4088691225300 买家留言：
2020-01-10 11:41:03 [http-nio-8800-exec-3] page=2,row_index=1
2020-01-10 11:41:03 [http-nio-8800-exec-3] page=2,row_index=2
2020-01-10 11:41:08 [http-nio-8800-exec-3] 2 物流信息 收货地址： 彭明松 ，18621788748 ， ，湖北省 武汉市 洪山区 马湖新村创意天地04办公楼801 ，000000 运送方式： 快递 物流公司： 中通快递 运单号： 75148637711995 买家留言：
2020-01-10 11:41:08 [http-nio-8800-exec-3] page=2,row_index=3
2020-01-10 11:41:08 [http-nio-8800-exec-3] page=2,row_index=4
2020-01-10 11:41:08 [http-nio-8800-exec-3] page=2,row_index=5
2020-01-10 11:41:08 [http-nio-8800-exec-3] page=2,row_index=6
2020-01-10 11:41:13 [http-nio-8800-exec-3] 2 物流信息 收货地址： 彭明松 ，18621788748 ， ，湖北省 武汉市 洪山区 狮子山街道野芷湖西路马湖新村东大门口菜鸟驿站(菜鸟驿站:15927341152) ，430070 运送方式： 快递 物流公司： 中通快递 运单号： 75142043381142 买家留言：
2020-01-10 11:41:14 [http-nio-8800-exec-3] page=2,row_index=7
2020-01-10 11:41:19 [http-nio-8800-exec-3] 2 物流信息 收货地址： 彭明松 ，18621788748 ， ，湖北省 武汉市 洪山区 狮子山街道野芷湖西路马湖新村东大门口菜鸟驿站(菜鸟驿站:15927341152) ，430070 运送方式： 快递 物流公司： 韵达快递 运单号： 3720720314714 买家留言：
2020-01-10 11:41:19 [http-nio-8800-exec-3] page=2,row_index=8
2020-01-10 11:41:19 [http-nio-8800-exec-3] page=2,row_index=9
2020-01-10 11:41:24 [http-nio-8800-exec-3] 2 物流信息 收货地址： 彭明松 ，18621788748 ， ，湖北省 武汉市 洪山区 马湖新村创意天地04办公楼801 ，430070 运送方式： 快递 物流公司： 圆通速递 运单号： 805188572635165209 买家留言：
2020-01-10 11:41:24 [http-nio-8800-exec-3] page=2,row_index=10
2020-01-10 11:41:24 [http-nio-8800-exec-3] page=2,row_index=11
2020-01-10 11:41:24 [http-nio-8800-exec-3] page=2,row_index=12
2020-01-10 11:41:30 [http-nio-8800-exec-3] 2 物流信息 收货地址： 陈永珍 ，13636168313 ， ，湖北省 十堰市 竹溪县 农贸大厅门口 ，442300 运送方式： 快递 物流公司： 中通快递 运单号： 75125853586858 买家留言：
2020-01-10 11:41:30 [http-nio-8800-exec-3] page=2,row_index=13
2020-01-10 11:41:30 [http-nio-8800-exec-3] page=2,row_index=14
2020-01-10 11:41:35 [http-nio-8800-exec-3] 2 物流信息 收货地址： 包兰芝 ，17751906391 ， ，江苏省 淮安市 淮安区 永怀东路松松共享云仓农村淘宝（18701843040）(NCWLJSC00410:11480351)请至村小二杨*处自提 ，000000 运送方式： 快递 物流公司： 申通快递 运单号： 3396452720517 买家留言：
2020-01-10 11:41:40 [http-nio-8800-exec-3] page=3, page_=3
2020-01-10 11:41:40 [http-nio-8800-exec-3] page=3,row_index=0
2020-01-10 11:41:46 [http-nio-8800-exec-3] 2 物流信息 收货地址： 彭明松 ，18621788748 ， ，湖北省 武汉市 洪山区 马湖新村创意天地04办公楼801 ，000000 运送方式： 快递 物流公司： 申通快递 运单号： 3396406068203 买家留言：
2020-01-10 11:41:46 [http-nio-8800-exec-3] page=3,row_index=1
2020-01-10 11:41:51 [http-nio-8800-exec-3] 2 物流信息 收货地址： 彭明松 ，18621788748 ， ，湖北省 武汉市 洪山区 马湖新村创意天地04办公楼801 ，000000 运送方式： 快递 物流公司： 韵达快递 运单号： 3831999261340 买家留言：
2020-01-10 11:41:51 [http-nio-8800-exec-3] page=3,row_index=2
2020-01-10 11:41:57 [http-nio-8800-exec-3] 2 物流信息 收货地址： 陈永珍 ，13636168313 ， ，湖北省 十堰市 竹溪县 农贸大厅门口 ，442300 运送方式： 快递 物流公司： 百世快递 运单号： 71274406506931 买家留言：
2020-01-10 11:41:57 [http-nio-8800-exec-3] page=3,row_index=3
2020-01-10 11:42:02 [http-nio-8800-exec-3] 2 物流信息 收货地址： 陈永珍 ，13636168313 ， ，湖北省 十堰市 竹溪县 农贸大厅门口 ，442300 运送方式： 快递 物流公司： 韵达快递 运单号： 3921238489399 买家留言：
2020-01-10 11:42:02 [http-nio-8800-exec-3] page=3,row_index=4
2020-01-10 11:42:02 [http-nio-8800-exec-3] page=3,row_index=5
2020-01-10 11:42:07 [http-nio-8800-exec-3] 2 物流信息 收货地址： 彭明松 ，18621788748 ， ，湖北省 武汉市 洪山区 马湖新村创意天地04办公楼801 ，000000 运送方式： 快递 物流公司： 邮政快递包裹 运单号： 9894449495288 买家留言：
2020-01-10 11:42:07 [http-nio-8800-exec-3] page=3,row_index=6
2020-01-10 11:42:13 [http-nio-8800-exec-3] 2 物流信息 收货地址： 彭明松 ，18621788748 ， ，湖北省 武汉市 洪山区 马湖新村创意天地04办公楼801 ，000000 运送方式： 快递 物流公司： 天天快递 运单号： 669489198315 买家留言：
2020-01-10 11:42:13 [http-nio-8800-exec-3] page=3,row_index=7
2020-01-10 11:42:18 [http-nio-8800-exec-3] 2 物流信息 收货地址： 刘艳华 ，13872776488 ， ，湖北省 十堰市 竹溪县 北环路鄂渝陕物流广场菜鸟乡村（农村淘宝）(HBZX087:79796233)请至村小二李**处自提 ，000000 运送方式： 快递 物流公司： 圆通速递 运单号： 803418277647569727 买家留言：
2020-01-10 11:42:18 [http-nio-8800-exec-3] page=3,row_index=8
2020-01-10 11:42:23 [http-nio-8800-exec-3] 2 物流信息 收货地址： 彭明松 ，18621788748 ， ，湖北省 武汉市 洪山区 马湖新村创意天地04办公楼801 ，000000 运送方式： 快递 物流公司： 韵达快递 运单号： 3834543417320 买家留言：
2020-01-10 11:42:24 [http-nio-8800-exec-3] page=3,row_index=9
2020-01-10 11:42:29 [http-nio-8800-exec-3] 2 物流信息 收货地址： 彭明松 ，18621788748 ， ，湖北省 武汉市 洪山区 马湖新村创意天地04办公楼801 ，000000 运送方式： 快递 物流公司： 中通快递 运单号： 75112684636250 买家留言：
2020-01-10 11:42:29 [http-nio-8800-exec-3] page=3,row_index=10
2020-01-10 11:42:34 [http-nio-8800-exec-3] 2 物流信息 收货地址： 张倩 ，17317208440 ， ，上海 上海市 浦东新区 北蔡镇北艾路1765弄21号603室 ，000000 运送方式： 快递 物流公司： 中通快递 运单号： 75110313874945 买家留言：
2020-01-10 11:42:34 [http-nio-8800-exec-3] page=3,row_index=11
2020-01-10 11:42:34 [http-nio-8800-exec-3] page=3,row_index=12
2020-01-10 11:42:34 [http-nio-8800-exec-3] page=3,row_index=13
2020-01-10 11:42:34 [http-nio-8800-exec-3] page=3,row_index=14
2020-01-10 11:42:39 [http-nio-8800-exec-3] page=4, page_=4
2020-01-10 11:42:40 [http-nio-8800-exec-3] page=4,row_index=0
2020-01-10 11:42:45 [http-nio-8800-exec-3] 2 物流信息 收货地址： 彭明松 ，18621788748 ， ，湖北省 武汉市 洪山区 马湖新村创意天地04办公楼801 ，000000 运送方式： 快递 物流公司： 中通快递 运单号： 280620096678 买家留言：
2020-01-10 11:42:45 [http-nio-8800-exec-3] page=4,row_index=1
2020-01-10 11:42:50 [http-nio-8800-exec-3] 2 物流信息 收货地址： 肖敏 ，15342745541 ， ，湖北省 武汉市 江岸区 锦绣家园幽兰苑9栋二单元 ，000000 运送方式： 快递 物流公司： 顺丰速运 运单号： 708369999010 买家留言： 蛋黄月饼2份，送人，包装务必做好，要新鲜。
2020-01-10 11:42:50 [http-nio-8800-exec-3] page=4,row_index=2
2020-01-10 11:42:56 [http-nio-8800-exec-3] 2 物流信息 收货地址： 彭明松 ，18621788748 ， ，湖北省 武汉市 洪山区 马湖新村创意天地04办公楼801 ，000000 运送方式： 快递 物流公司： 中通快递 运单号： 262727259592 买家留言：
2020-01-10 11:42:56 [http-nio-8800-exec-3] page=4,row_index=3
2020-01-10 11:42:56 [http-nio-8800-exec-3] page=4,row_index=4
2020-01-10 11:43:01 [http-nio-8800-exec-3] 2 物流信息 收货地址： 彭明松 ，18621788748 ， ，湖北省 武汉市 洪山区 湖北省武汉市洪山区马湖新村52栋1门 ，430070 运送方式： 平邮 物流公司： — 运单号： — 买家留言：
2020-01-10 11:43:01 [http-nio-8800-exec-3] page=4,row_index=5
2020-01-10 11:43:01 [http-nio-8800-exec-3] page=4,row_index=6
2020-01-10 11:43:01 [http-nio-8800-exec-3] page=4,row_index=7
2020-01-10 11:43:01 [http-nio-8800-exec-3] page=4,row_index=8
2020-01-10 11:43:01 [http-nio-8800-exec-3] page=4,row_index=9
2020-01-10 11:43:01 [http-nio-8800-exec-3] page=4,row_index=10
2020-01-10 11:43:01 [http-nio-8800-exec-3] page=4,row_index=11
2020-01-10 11:43:06 [http-nio-8800-exec-3] 2 物流信息 收货地址： 高玮 ，13042761180 ， ，湖北省 十堰市 张湾区 北京北路72号教育局十堰市教育局-就业指导中心 ，000000 运送方式： 平邮 物流公司： — 运单号： — 买家留言：
2020-01-10 11:43:07 [http-nio-8800-exec-3] page=4,row_index=12
2020-01-10 11:43:12 [http-nio-8800-exec-3] 2 物流信息 收货地址： 彭明松 ，18621788748 ， ，湖北省 武汉市 洪山区 马湖新村创意天地05办公楼3楼 ，430070 运送方式： 快递 物流公司： 圆通速递 运单号： 889877632488353617 买家留言：
2020-01-10 11:43:12 [http-nio-8800-exec-3] page=4,row_index=13
2020-01-10 11:43:17 [http-nio-8800-exec-3] 2 物流信息 收货地址： 彭明松 ，18621788748 ， ，湖北省 武汉市 洪山区 马湖新村创意天地05办公楼3楼 ，430070 运送方式： 快递 物流公司： 邮政快递包裹 运单号： 9892783597410 买家留言：
2020-01-10 11:43:17 [http-nio-8800-exec-3] page=4,row_index=14
2020-01-10 11:43:23 [http-nio-8800-exec-3] 2 物流信息 收货地址： 高玮 ，13042761180 ， ，湖北省 十堰市 张湾区 北京北路72号教育局十堰市教育局-就业指导中心 ，000000 运送方式： 快递 物流公司： 邮政快递包裹 运单号： 9892783593568 买家留言：
2020-01-10 11:43:28 [http-nio-8800-exec-3] page=5, page_=5
2020-01-10 11:43:28 [http-nio-8800-exec-3] page=5,row_index=0
2020-01-10 11:43:33 [http-nio-8800-exec-3] 2 物流信息 收货地址： 彭明松 ，18621788748 ， ，湖北省 武汉市 洪山区 马湖新村创意天地05办公楼3楼 ，430070 运送方式： 快递 物流公司： 圆通速递 运单号： 889872197165515240 买家留言：
2020-01-10 11:43:33 [http-nio-8800-exec-3] page=5,row_index=1
2020-01-10 11:43:39 [http-nio-8800-exec-3] 2 物流信息 收货地址： 彭明松 ，18621788748 ， ，湖北省 武汉市 洪山区 马湖新村创意天地05办公楼3楼 ，430070 运送方式： 快递 物流公司： 圆通速递 运单号： 889624220149105756 买家留言： 发票信息： 发票抬头： 个人
2020-01-10 11:43:39 [http-nio-8800-exec-3] page=5,row_index=2
2020-01-10 11:43:44 [http-nio-8800-exec-3] 2 物流信息 收货地址： 彭明松 ，18621788748 ， ，湖北省 武汉市 洪山区 马湖新村创意天地05办公楼3楼 ，430070 运送方式： 快递 物流公司： 韵达快递 运单号： 3928241520476 买家留言：
2020-01-10 11:43:44 [http-nio-8800-exec-3] page=5,row_index=3
2020-01-10 11:43:50 [http-nio-8800-exec-3] 2 物流信息 收货地址： 彭明松 ，18621788748 ， ，湖北省 武汉市 洪山区 马湖新村创意天地05办公楼3楼 ，430070 运送方式： 快递 物流公司： 韵达快递 运单号： 3920635799760 买家留言：
2020-01-10 11:43:50 [http-nio-8800-exec-3] page=5,row_index=4
2020-01-10 11:43:55 [http-nio-8800-exec-3] 2 物流信息 收货地址： 彭明松 ，18621788748 ， ，湖北省 武汉市 洪山区 马湖新村创意天地05办公楼3楼 ，430070 运送方式： 快递 物流公司： 中通快递 运单号： 493886370580 买家留言：
2020-01-10 11:43:55 [http-nio-8800-exec-3] page=5,row_index=5
2020-01-10 11:44:00 [http-nio-8800-exec-3] 2 物流信息 收货地址： 彭明松 ，18621788748 ， ，湖北省 武汉市 洪山区 马湖新村创意天地05办公楼3楼 ，430070 运送方式： 快递 物流公司： 韵达快递 运单号： 3920635307949 买家留言：
2020-01-10 11:44:00 [http-nio-8800-exec-3] page=5,row_index=6
2020-01-10 11:44:00 [http-nio-8800-exec-3] page=5,row_index=7
2020-01-10 11:44:00 [http-nio-8800-exec-3] page=5,row_index=8
2020-01-10 11:44:06 [http-nio-8800-exec-3] 2 物流信息 收货地址： 彭明松 ，18621788748 ， ，湖北省 武汉市 洪山区 马湖新村创意天地05办公楼3楼 ，430070 运送方式： 快递 物流公司： 顺丰速运 运单号： 457178998088 买家留言： 发票信息： 发票抬头： 个人
2020-01-10 11:44:06 [http-nio-8800-exec-3] page=5,row_index=9
2020-01-10 11:44:11 [http-nio-8800-exec-3] 2 物流信息 收货地址： 陈永珍 ，13636168313 ， ，湖北省 十堰市 竹溪县 农贸大厅门口 ，442300 运送方式： 快递 物流公司： 圆通速递 运单号： 888290034795348823 买家留言：
2020-01-10 11:44:11 [http-nio-8800-exec-3] page=5,row_index=10
2020-01-10 11:44:16 [http-nio-8800-exec-3] 2 物流信息 收货地址： 彭明松 ，18621788748 ， ，湖北省 武汉市 洪山区 马湖新村创意天地05办公楼3楼 ，430070 运送方式： 快递 物流公司： 中通快递 运单号： 477687554030 买家留言： 发票信息： 发票抬头： 个人
2020-01-10 11:44:16 [http-nio-8800-exec-3] page=5,row_index=11
2020-01-10 11:44:22 [http-nio-8800-exec-3] 2 物流信息 收货地址： 彭明松 ，18621788748 ， ，湖北省 武汉市 洪山区 湖北省武汉市洪山区马湖新村52栋1门 ，430070 运送方式： 快递 物流公司： 韵达快递 运单号： 3937560034832 买家留言：
2020-01-10 11:44:22 [http-nio-8800-exec-3] page=5,row_index=12
2020-01-10 11:44:27 [http-nio-8800-exec-3] 2 物流信息 收货地址： 彭明松 ，18621788748 ， ，湖北省 武汉市 洪山区 湖北省武汉市洪山区马湖新村52栋1门 ，430070 运送方式： 快递 物流公司： 韵达快递 运单号： 3906131374508 买家留言：
2020-01-10 11:44:27 [http-nio-8800-exec-3] page=5,row_index=13
2020-01-10 11:44:33 [http-nio-8800-exec-3] 2 物流信息 收货地址： 彭明松 ，18621788748 ， ，湖北省 武汉市 洪山区 湖北省武汉市洪山区马湖新村52栋1门 ，430070 运送方式： 快递 物流公司： 圆通速递 运单号： 887990046102604372 买家留言：
2020-01-10 11:44:33 [http-nio-8800-exec-3] page=5,row_index=14
2020-01-10 11:44:38 [http-nio-8800-exec-3] 2 物流信息 收货地址： 彭明松 ，18621788748 ， ，湖北省 武汉市 洪山区 湖北省武汉市洪山区马湖新村52栋1门 ，430070 运送方式： 快递 物流公司： 圆通速递 运单号： 887986563034301300 买家留言：
2020-01-10 11:44:43 [http-nio-8800-exec-3] page=6, page_=6
2020-01-10 11:44:43 [http-nio-8800-exec-3] page=6,row_index=0
2020-01-10 11:44:43 [http-nio-8800-exec-3] page=6,row_index=1
2020-01-10 11:44:49 [http-nio-8800-exec-3] 2 物流信息 收货地址： 彭明松 ，18621788748 ， ，湖北省 武汉市 洪山区 湖北省武汉市洪山区马湖新村52栋1门 ，430070 运送方式： 快递 物流公司： 中通快递 运单号： 468932530909 买家留言：
2020-01-10 11:44:49 [http-nio-8800-exec-3] page=6,row_index=2
2020-01-10 11:44:49 [http-nio-8800-exec-3] page=6,row_index=3
2020-01-10 11:44:49 [http-nio-8800-exec-3] page=6,row_index=4
2020-01-10 11:44:49 [http-nio-8800-exec-3] page=6,row_index=5
2020-01-10 11:44:54 [http-nio-8800-exec-3] 2 物流信息 收货地址： 彭明松 ，18621788748 ， ，湖北省 武汉市 洪山区 湖北省武汉市洪山区马湖新村52栋1门 ，430070 运送方式： 快递 物流公司： 申通快递 运单号： 3345832905279 买家留言：
2020-01-10 11:44:54 [http-nio-8800-exec-3] page=6,row_index=6
2020-01-10 11:44:54 [http-nio-8800-exec-3] page=6,row_index=7
2020-01-10 11:44:54 [http-nio-8800-exec-3] page=6,row_index=8
2020-01-10 11:44:54 [http-nio-8800-exec-3] page=6,row_index=9
2020-01-10 11:44:54 [http-nio-8800-exec-3] page=6,row_index=10
2020-01-10 11:44:54 [http-nio-8800-exec-3] page=6,row_index=11
2020-01-10 11:44:54 [http-nio-8800-exec-3] page=6,row_index=12
2020-01-10 11:45:00 [http-nio-8800-exec-3] 2 物流信息 收货地址： 彭明松 ，18621788748 ， ，上海 上海市 浦东新区 新德西路德川路新德佳苑511弄38号602 ，200120 运送方式： 快递 物流公司： 申通快递 运单号： 3341041361220 买家留言： 发票信息： 发票抬头： 彭明松
2020-01-10 11:45:00 [http-nio-8800-exec-3] page=6,row_index=13
2020-01-10 11:45:00 [http-nio-8800-exec-3] page=6,row_index=14
2020-01-10 11:45:05 [http-nio-8800-exec-3] page=7, page_=7
2020-01-10 11:45:05 [http-nio-8800-exec-3] page=7,row_index=0
2020-01-10 11:45:05 [http-nio-8800-exec-3] page=7,row_index=1
2020-01-10 11:45:10 [http-nio-8800-exec-3] 2 物流信息 收货地址： 彭明松 ，18621788748 ， ，上海 上海市 浦东新区 新德西路德川路新德佳苑511弄38号602 ，200120 运送方式： 快递 物流公司： 韵达快递 运单号： 3902191107015 买家留言：
2020-01-10 11:45:10 [http-nio-8800-exec-3] page=7,row_index=2
2020-01-10 11:45:16 [http-nio-8800-exec-3] 2 物流信息 收货地址： 彭明松 ，18621788748 ， ，上海 上海市 浦东新区 新德西路德川路新德佳苑511弄38号602 ，200120 运送方式： 快递 物流公司： 韵达快递 运单号： 3912691332076 买家留言：
2020-01-10 11:45:16 [http-nio-8800-exec-3] page=7,row_index=3
2020-01-10 11:45:21 [http-nio-8800-exec-3] 2 物流信息 收货地址： 彭明松 ，18621788748 ， ，上海 上海市 浦东新区 新德西路德川路新德佳苑511弄38号602 ，200120 运送方式： 快递 物流公司： 韵达快递 运单号： 3979496200424 买家留言：
2020-01-10 11:45:21 [http-nio-8800-exec-3] page=7,row_index=4
2020-01-10 11:45:21 [http-nio-8800-exec-3] page=7,row_index=5
2020-01-10 11:46:04 [http-nio-8800-exec-3] 2 物流信息 收货地址： 彭明松 ，18621788748 ， ，上海 上海市 浦东新区 新德西路德川路新德佳苑511弄38号602 ，200120 运送方式： 快递 物流公司： 圆通速递 运单号： 885827355569341161 买家留言：
2020-01-10 11:46:04 [http-nio-8800-exec-3] page=7,row_index=6
2020-01-10 11:46:04 [http-nio-8800-exec-3] page=7,row_index=7
2020-01-10 11:46:04 [http-nio-8800-exec-3] page=7,row_index=8
2020-01-10 11:46:10 [http-nio-8800-exec-3] 2 物流信息 收货地址： 彭明松 ，18621788748 ， ，上海 上海市 浦东新区 新德西路德川路新德佳苑511弄38号602 ，200120 运送方式： 快递 物流公司： 圆通速递 运单号： 885678101517098800 买家留言：
2020-01-10 11:46:10 [http-nio-8800-exec-3] page=7,row_index=9
2020-01-10 11:46:10 [http-nio-8800-exec-3] page=7,row_index=10
2020-01-10 11:46:10 [http-nio-8800-exec-3] page=7,row_index=11
2020-01-10 11:46:10 [http-nio-8800-exec-3] page=7,row_index=12
2020-01-10 11:46:10 [http-nio-8800-exec-3] page=7,row_index=13
2020-01-10 11:46:10 [http-nio-8800-exec-3] page=7,row_index=14
2020-01-10 11:46:15 [http-nio-8800-exec-3] page=8, page_=8
2020-01-10 11:46:15 [http-nio-8800-exec-3] page=8,row_index=0
2020-01-10 11:46:20 [http-nio-8800-exec-3] 2 物流信息 收货地址： 彭明松 ，18621788748 ， ，上海 上海市 浦东新区 新德西路德川路新德佳苑511弄38号602 ，200120 运送方式： 快递 物流公司： 苏宁物流配送 运单号： SN0030001144250300 买家留言： 发票信息： 发票抬头： 彭明松
2020-01-10 11:46:20 [http-nio-8800-exec-3] page=8,row_index=1
2020-01-10 11:46:26 [http-nio-8800-exec-3] 2 物流信息 收货地址： 彭明松 ，18621788748 ， ，上海 上海市 浦东新区 新德西路德川路新德佳苑511弄38号602 ，200120 运送方式： 快递 物流公司： 中通快递 运单号： 439926697233 买家留言：
2020-01-10 11:46:26 [http-nio-8800-exec-3] page=8,row_index=2
2020-01-10 11:46:31 [http-nio-8800-exec-3] 2 物流信息 收货地址： 彭明松 ，18621788748 ， ，上海 上海市 浦东新区 新德西路德川路新德佳苑511弄38号602 ，200120 运送方式： 快递 物流公司： 圆通速递 运单号： 885166442519190176 买家留言：
2020-01-10 11:46:31 [http-nio-8800-exec-3] page=8,row_index=3
2020-01-10 11:46:37 [http-nio-8800-exec-3] 2 物流信息 收货地址： 彭明松 ，18621788748 ， ，上海 上海市 浦东新区 新德西路德川路新德佳苑511弄38号602 ，200120 运送方式： 快递 物流公司： 当当出版配送 运单号： 35114770267 买家留言：
2020-01-10 11:46:37 [http-nio-8800-exec-3] page=8,row_index=4
2020-01-10 11:46:37 [http-nio-8800-exec-3] page=8,row_index=5
2020-01-10 11:46:37 [http-nio-8800-exec-3] page=8,row_index=6
2020-01-10 11:46:42 [http-nio-8800-exec-3] 2 物流信息 收货地址： 彭明松 ，18621788748 ， ，上海 上海市 浦东新区 新德西路德川路新德佳苑511弄38号602 ，200120 运送方式： 快递 物流公司： 申通快递 运单号： 3327593338778 买家留言： 发票信息： 发票抬头： 彭明松
2020-01-10 11:46:42 [http-nio-8800-exec-3] page=8,row_index=7
2020-01-10 11:46:47 [http-nio-8800-exec-3] 2 物流信息 收货地址： 彭明松 ，18621788748 ， ，上海 上海市 浦东新区 新德西路德川路新德佳苑511弄38号602 ，200120 运送方式： 快递 物流公司： 圆通速递 运单号： 884765664084367846 买家留言： 发票信息： 发票抬头： 彭明松
2020-01-10 11:46:47 [http-nio-8800-exec-3] page=8,row_index=8
2020-01-10 11:46:53 [http-nio-8800-exec-3] 2 物流信息 收货地址： 彭明松 ，18621788748 ， ，上海 上海市 浦东新区 新德西路德川路新德佳苑511弄38号602 ，200120 运送方式： 快递 物流公司： 中通快递 运单号： 433612954836 买家留言： 发票信息： 发票抬头： 彭明松
2020-01-10 11:46:53 [http-nio-8800-exec-3] page=8,row_index=9
2020-01-10 11:46:58 [http-nio-8800-exec-3] 2 物流信息 收货地址： 彭明松 ，18621788748 ， ，上海 上海市 浦东新区 新德西路德川路新德佳苑511弄38号602 ，200120 运送方式： 快递 物流公司： 百世快递 运单号： 70027133827028 买家留言：
2020-01-10 11:46:58 [http-nio-8800-exec-3] page=8,row_index=10
2020-01-10 11:46:58 [http-nio-8800-exec-3] page=8,row_index=11
2020-01-10 11:46:58 [http-nio-8800-exec-3] page=8,row_index=12
2020-01-10 11:46:58 [http-nio-8800-exec-3] page=8,row_index=13
2020-01-10 11:46:58 [http-nio-8800-exec-3] page=8,row_index=14
2020-01-10 11:47:04 [http-nio-8800-exec-3] page=9, page_=9
2020-01-10 11:47:04 [http-nio-8800-exec-3] page=9,row_index=0
2020-01-10 11:47:09 [http-nio-8800-exec-3] 2 物流信息 收货地址： 高玮 ，13042761180 ， ，湖北省 十堰市 竹山县 四季花城3号楼1004 ，442200 运送方式： 快递 物流公司： 韵达快递 运单号： 3914791910506 买家留言： 发票信息： 发票抬头： 高玮
2020-01-10 11:47:10 [http-nio-8800-exec-3] page=9,row_index=1
2020-01-10 11:47:10 [http-nio-8800-exec-3] page=9,row_index=2
2020-01-10 11:47:15 [http-nio-8800-exec-3] 2 物流信息 收货地址： 陈永珍 ，13636168313 ， ，湖北省 十堰市 竹溪县 水寨村5组 ，442300 运送方式： 快递 物流公司： 圆通速递 运单号： 884109072644258240 买家留言：
2020-01-10 11:47:15 [http-nio-8800-exec-3] page=9,row_index=3
2020-01-10 11:47:15 [http-nio-8800-exec-3] page=9,row_index=4
2020-01-10 11:47:20 [http-nio-8800-exec-3] 2 物流信息 收货地址： 彭明松 ，18621788748 ， ，上海 上海市 浦东新区 上海市浦东新区张江镇郭守敬路498号3号楼208室 ，200120 运送方式： 快递 物流公司： — 运单号： — 买家留言：
2020-01-10 11:47:20 [http-nio-8800-exec-3] page=9,row_index=5
2020-01-10 11:47:20 [http-nio-8800-exec-3] page=9,row_index=6
2020-01-10 11:47:35 [http-nio-8800-exec-3] 2 物流信息 收货地址： 彭明松 ，18621788748 ， ，上海 上海市 浦东新区 上海市浦东新区张江镇郭守敬路498号3号楼208室 ，200120 运送方式： EMS 物流公司： — 运单号： — 买家留言：
2020-01-10 11:47:35 [http-nio-8800-exec-3] page=9,row_index=7
2020-01-10 11:47:40 [http-nio-8800-exec-3] 2 物流信息 收货地址： 彭明松 ，18621788748 ， ，上海 上海市 浦东新区 上海市浦东新区张江镇郭守敬路498号3号楼208室 ，200120 运送方式： 快递 物流公司： — 运单号： — 买家留言：
2020-01-10 11:47:40 [http-nio-8800-exec-3] page=9,row_index=8
2020-01-10 11:47:46 [http-nio-8800-exec-3] 2 物流信息 收货地址： 彭明松 ，18621788748 ， ，上海 上海市 浦东新区 上海市浦东新区张江镇郭守敬路498号3号楼208室 ，200120 运送方式： 快递 物流公司： 百世快递 运单号： 70988223381538 买家留言：
2020-01-10 11:47:46 [http-nio-8800-exec-3] page=9,row_index=9
2020-01-10 11:47:51 [http-nio-8800-exec-3] 2 物流信息 收货地址： 彭明松 ，18621788748 ， ，上海 上海市 浦东新区 上海市浦东新区张江镇郭守敬路498号3号楼208室 ，200120 运送方式： 快递 物流公司： 申通快递 运单号： 3320982764484 买家留言：
2020-01-10 11:47:51 [http-nio-8800-exec-3] page=9,row_index=10
2020-01-10 11:47:51 [http-nio-8800-exec-3] page=9,row_index=11
2020-01-10 11:47:51 [http-nio-8800-exec-3] page=9,row_index=12
2020-01-10 11:47:51 [http-nio-8800-exec-3] page=9,row_index=13
2020-01-10 11:47:56 [http-nio-8800-exec-3] 2 物流信息 收货地址： 高玮 ，13042761180 ， ，湖北省 十堰市 竹山县 四季花城3号楼1004 ，442200 运送方式： 快递 物流公司： 圆通速递 运单号： 883840520139073954 买家留言：
2020-01-10 11:47:56 [http-nio-8800-exec-3] page=9,row_index=14
2020-01-10 11:48:02 [http-nio-8800-exec-3] 2 物流信息 收货地址： 彭明松 ，18621788748 ， ，上海 上海市 浦东新区 上海市浦东新区张江镇郭守敬路498号3号楼208室 ，200120 运送方式： 快递 物流公司： 圆通速递 运单号： 883703892501807611 买家留言：
2020-01-10 11:48:07 [http-nio-8800-exec-3] page=10, page_=10
2020-01-10 11:48:12 [http-nio-8800-exec-3] page=11, page_=11
2020-01-10 11:48:12 [http-nio-8800-exec-3] page=11,row_index=0
2020-01-10 11:48:12 [http-nio-8800-exec-3] page=11,row_index=1
2020-01-10 11:48:18 [http-nio-8800-exec-3] 2 物流信息 收货地址： 陈永珍 ，13636168313 ， ，湖北省 十堰市 竹溪县 水寨村5组 ，442300 运送方式： 快递 物流公司： 韵达快递 运单号： 1202284924397 买家留言：
2020-01-10 11:48:18 [http-nio-8800-exec-3] page=11,row_index=2
2020-01-10 11:48:18 [http-nio-8800-exec-3] page=11,row_index=3
2020-01-10 11:48:18 [http-nio-8800-exec-3] page=11,row_index=4
2020-01-10 11:48:18 [http-nio-8800-exec-3] page=11,row_index=5
2020-01-10 11:48:18 [http-nio-8800-exec-3] page=11,row_index=6
2020-01-10 11:48:23 [http-nio-8800-exec-3] 2 物流信息 收货地址： 彭明松 ，18621788748 ， ，上海 上海市 浦东新区 上海市浦东新区张江镇郭守敬路498号3号楼208室 ，200120 运送方式： 快递 物流公司： 中通快递 运单号： 407869482930 买家留言：
2020-01-10 11:48:23 [http-nio-8800-exec-3] page=11,row_index=7
2020-01-10 11:48:28 [http-nio-8800-exec-3] 2 物流信息 收货地址： 彭明松 ，18621788748 ， ，上海 上海市 浦东新区 上海市浦东新区张江镇郭守敬路498号3号楼208室 ，200120 运送方式： 快递 物流公司： 百世快递 运单号： 70455011221604 买家留言：
2020-01-10 11:48:29 [http-nio-8800-exec-3] page=11,row_index=8
2020-01-10 11:48:29 [http-nio-8800-exec-3] page=11,row_index=9
2020-01-10 11:48:29 [http-nio-8800-exec-3] page=11,row_index=10
2020-01-10 11:48:29 [http-nio-8800-exec-3] page=11,row_index=11
2020-01-10 11:48:29 [http-nio-8800-exec-3] page=11,row_index=12
2020-01-10 11:48:35 [http-nio-8800-exec-3] 2 物流信息 收货地址： 彭明松 ，18621788748 ， ，上海 上海市 浦东新区 上海市浦东新区张江镇郭守敬路498号3号楼208室 ，200120 运送方式： 快递 物流公司： EMS经济快递 运单号： 9777212399202 买家留言：
2020-01-10 11:48:35 [http-nio-8800-exec-3] page=11,row_index=13
2020-01-10 11:48:35 [http-nio-8800-exec-3] page=11,row_index=14
2020-01-10 11:48:40 [http-nio-8800-exec-3] 2 物流信息 收货地址： 高玮 ，13042761180 ， ，湖北省 十堰市 竹山县 千福路1号 ，000000 运送方式： 快递 物流公司： 韵达快递 运单号： 3932420849438 买家留言：
2020-01-10 11:48:45 [http-nio-8800-exec-3] page=12, page_=12
2020-01-10 11:48:45 [http-nio-8800-exec-3] page=12,row_index=0
2020-01-10 11:48:45 [http-nio-8800-exec-3] page=12,row_index=1
2020-01-10 11:48:51 [http-nio-8800-exec-3] 2 物流信息 收货地址： 高玮 ，13042761180 ， ，湖北省 十堰市 竹山县 千福路1号 ，000000 运送方式： 快递 物流公司： 韵达快递 运单号： 3903920217581 买家留言：
2020-01-10 11:48:51 [http-nio-8800-exec-3] page=12,row_index=2
2020-01-10 11:48:51 [http-nio-8800-exec-3] page=12,row_index=3
2020-01-10 11:48:51 [http-nio-8800-exec-3] page=12,row_index=4
2020-01-10 11:48:56 [http-nio-8800-exec-3] 2 物流信息 收货地址： 彭明松 ，18621788748 ， ，浙江省 杭州市 江干区 浙江省杭州市江干区市民中心B座601室 ，000000 运送方式： 快递 物流公司： 中通快递 运单号： 778787040488 买家留言：
2020-01-10 11:48:56 [http-nio-8800-exec-3] page=12,row_index=5
2020-01-10 11:48:56 [http-nio-8800-exec-3] page=12,row_index=6
2020-01-10 11:48:56 [http-nio-8800-exec-3] page=12,row_index=7
2020-01-10 11:48:56 [http-nio-8800-exec-3] page=12,row_index=8
2020-01-10 11:48:56 [http-nio-8800-exec-3] page=12,row_index=9
2020-01-10 11:49:01 [http-nio-8800-exec-3] 2 物流信息 收货地址： 高玮 ，13042761180 ， ，湖北省 十堰市 竹山县 千福路1号 ，000000 运送方式： 快递 物流公司： 顺丰速运 运单号： 784004110528 买家留言：
2020-01-10 11:49:02 [http-nio-8800-exec-3] page=12,row_index=10
2020-01-10 11:49:02 [http-nio-8800-exec-3] page=12,row_index=11
2020-01-10 11:49:07 [http-nio-8800-exec-3] 2 物流信息 收货地址： 彭明松 ，18621788748 ， ，上海 上海市 青浦区 龙联路258弄1号 ，200135 运送方式： 快递 物流公司： 韵达快递 运单号： 1000631475431 买家留言： 咖啡色 40码
2020-01-10 11:49:07 [http-nio-8800-exec-3] page=12,row_index=12
2020-01-10 11:49:07 [http-nio-8800-exec-3] page=12,row_index=13
2020-01-10 11:49:07 [http-nio-8800-exec-3] page=12,row_index=14
2020-01-10 11:49:12 [http-nio-8800-exec-3] page=13, page_=13
2020-01-10 11:49:12 [http-nio-8800-exec-3] page=13,row_index=0
2020-01-10 11:49:18 [http-nio-8800-exec-3] 2 物流信息 收货地址： 高玮 ，13042761180 ， ，湖北省 十堰市 竹山县 千福路1号 ，000000 运送方式： 快递 物流公司： 圆通速递 运单号： 881075435463882105 买家留言：
2020-01-10 11:49:18 [http-nio-8800-exec-3] page=13,row_index=1
2020-01-10 11:49:18 [http-nio-8800-exec-3] page=13,row_index=2
2020-01-10 11:49:23 [http-nio-8800-exec-3] 2 物流信息 收货地址： 彭明松 ，18621788748 ， ，上海 上海市 青浦区 上海市青浦区徐泾镇明珠路1018号D区收发室 ，000000 运送方式： 快递 物流公司： 百世汇通 运单号： 70530401022444 买家留言：
2020-01-10 11:49:23 [http-nio-8800-exec-3] page=13,row_index=3
2020-01-10 11:49:23 [http-nio-8800-exec-3] page=13,row_index=4
2020-01-10 11:49:23 [http-nio-8800-exec-3] page=13,row_index=5
2020-01-10 11:49:28 [http-nio-8800-exec-3] 2 物流信息 收货地址： 彭明松 ，18621788748 ， ，上海 上海市 青浦区 上海市青浦区徐泾镇明珠路1018号D区收发室 ，000000 运送方式： 快递 物流公司： 天天快递 运单号： 560417440228 买家留言：
2020-01-10 11:49:28 [http-nio-8800-exec-3] page=13,row_index=6
2020-01-10 11:49:28 [http-nio-8800-exec-3] page=13,row_index=7
2020-01-10 11:49:28 [http-nio-8800-exec-3] page=13,row_index=8
2020-01-10 11:49:34 [http-nio-8800-exec-3] 2 物流信息 收货地址： 彭明松 ，18621788748 ， ，上海 上海市 青浦区 上海市青浦区徐泾镇明珠路1018号D区收发室 ，000000 运送方式： 快递 物流公司： 中通快递 运单号： 719125399038 买家留言：
2020-01-10 11:49:34 [http-nio-8800-exec-3] page=13,row_index=9
2020-01-10 11:49:39 [http-nio-8800-exec-3] 2 物流信息 收货地址： 高玮 ，13042761180 ， ，湖北省 十堰市 竹山县 千福路1号 ，000000 运送方式： 快递 物流公司： 申通快递 运单号： 3302868526399 买家留言：
2020-01-10 11:49:39 [http-nio-8800-exec-3] page=13,row_index=10
2020-01-10 11:49:44 [http-nio-8800-exec-3] 2 物流信息 收货地址： 高玮 ，13042761180 ， ，湖北省 十堰市 竹山县 千福路1号 ，000000 运送方式： 快递 物流公司： 百世汇通 运单号： 50198096202965 买家留言：
2020-01-10 11:49:45 [http-nio-8800-exec-3] page=13,row_index=11
2020-01-10 11:49:50 [http-nio-8800-exec-3] 2 物流信息 收货地址： 彭明松 ，18621788748 ， ，上海 上海市 青浦区 上海市青浦区徐泾镇明珠路1018号D区收发室 ，000000 运送方式： 快递 物流公司： 申通快递 运单号： 220500228278 买家留言：
2020-01-10 11:49:50 [http-nio-8800-exec-3] page=13,row_index=12
2020-01-10 11:49:55 [http-nio-8800-exec-3] page=13,row_index=13
2020-01-10 11:50:01 [http-nio-8800-exec-3] 2 物流信息 收货地址： 彭明松 ，18621788748 ， ，上海 上海市 青浦区 上海市青浦区徐泾镇明珠路1018号D区收发室 ，000000 运送方式： 快递 物流公司： 韵达快递 运单号： 3100617014373 买家留言： L码，灰色
2020-01-10 11:50:01 [http-nio-8800-exec-3] page=13,row_index=14
2020-01-10 11:50:06 [http-nio-8800-exec-3] page=14, page_=14
2020-01-10 11:50:06 [http-nio-8800-exec-3] page=14,row_index=0
2020-01-10 11:50:06 [http-nio-8800-exec-3] page=14,row_index=1
2020-01-10 11:50:06 [http-nio-8800-exec-3] page=14,row_index=2
2020-01-10 11:50:06 [http-nio-8800-exec-3] page=14,row_index=3
2020-01-10 11:50:11 [http-nio-8800-exec-3] 2 物流信息 收货地址： 彭明松 ，18621788748 ， ，上海 上海市 青浦区 上海市青浦区徐泾镇明珠路1018号D区4楼 ，000000 运送方式： 快递 物流公司： — 运单号： — 买家留言：
2020-01-10 11:50:11 [http-nio-8800-exec-3] page=14,row_index=4
2020-01-10 11:50:11 [http-nio-8800-exec-3] page=14,row_index=5
2020-01-10 11:50:11 [http-nio-8800-exec-3] page=14,row_index=6
2020-01-10 11:50:17 [http-nio-8800-exec-3] 2 物流信息 收货地址： 彭明松 ，18621788748 ， ，上海 上海市 青浦区 龙联路258弄1号 ，200135 运送方式： 快递 物流公司： 韵达快递 运单号： 3100650273576 买家留言：
2020-01-10 11:50:17 [http-nio-8800-exec-3] page=14,row_index=7
2020-01-10 11:50:17 [http-nio-8800-exec-3] page=14,row_index=8
2020-01-10 11:50:17 [http-nio-8800-exec-3] page=14,row_index=9
2020-01-10 11:50:17 [http-nio-8800-exec-3] page=14,row_index=10
2020-01-10 11:50:17 [http-nio-8800-exec-3] page=14,row_index=11
2020-01-10 11:50:17 [http-nio-8800-exec-3] page=14,row_index=12
2020-01-10 11:50:17 [http-nio-8800-exec-3] page=14,row_index=13
2020-01-10 11:50:22 [http-nio-8800-exec-3] 2 物流信息 收货地址： 陈永珍 ，13636168313 ， ，湖北省 十堰市 竹溪县 水寨村5组 ，442300 运送方式： 快递 物流公司： 百世汇通 运单号： 280378725622 买家留言：
2020-01-10 11:50:22 [http-nio-8800-exec-3] page=14,row_index=14
2020-01-10 11:50:42 [http-nio-8800-exec-9] absolute=/Users/longlongl/project_jar/static/images/alipay/1dc52c5f9e1371877f56dfeac7a3f89e.png
2020-01-10 11:51:05 [http-nio-8800-exec-3] 2 物流信息 收货地址： 彭明松 ，18621788748 ， ，上海 上海市 青浦区 上海市青浦区徐泾镇明珠路1018号D区4楼 ，000000 运送方式： 快递 物流公司： 全峰快递 运单号： 720010888171 买家留言：
2020-01-10 11:51:10 [http-nio-8800-exec-3] page=15, page_=15
2020-01-10 11:51:10 [http-nio-8800-exec-3] page=15,row_index=0
2020-01-10 11:51:16 [http-nio-8800-exec-3] 2 物流信息 收货地址： 彭明松 ，18621788748 ， ，上海 上海市 青浦区 上海市青浦区徐泾镇明珠路1018号D区4楼 ，000000 运送方式： 快递 物流公司： 国通快递 运单号： 2591639186 买家留言：
2020-01-10 11:51:16 [http-nio-8800-exec-3] page=15,row_index=1
2020-01-10 11:51:16 [http-nio-8800-exec-3] page=15,row_index=2
2020-01-10 11:51:16 [http-nio-8800-exec-3] page=15,row_index=3
2020-01-10 11:51:16 [http-nio-8800-exec-3] page=15,row_index=4
2020-01-10 11:51:16 [http-nio-8800-exec-3] page=15,row_index=5
2020-01-10 11:51:16 [http-nio-8800-exec-3] page=15,row_index=6
2020-01-10 11:51:16 [http-nio-8800-exec-3] page=15,row_index=7
2020-01-10 11:51:16 [http-nio-8800-exec-3] page=15,row_index=8
2020-01-10 11:51:21 [http-nio-8800-exec-3] 2 物流信息 收货地址： 彭明松 ，18621788748 ， ，上海 上海市 青浦区 上海市青浦区徐泾镇明珠路1018号D区4楼 ，000000 运送方式： 快递 物流公司： 中通快递 运单号： 364760682348 买家留言：
2020-01-10 11:51:21 [http-nio-8800-exec-3] page=15,row_index=9
2020-01-10 11:51:27 [http-nio-8800-exec-3] 2 物流信息 收货地址： 彭明松 ，18621788748 ， ，上海 上海市 青浦区 上海市青浦区徐泾镇明珠路1018号D区4楼 ，000000 运送方式： 快递 物流公司： 圆通速递 运单号： 710080829241 买家留言：
2020-01-10 11:51:27 [http-nio-8800-exec-3] page=15,row_index=10
2020-01-10 11:51:32 [http-nio-8800-exec-3] 2 物流信息 收货地址： 彭明松 ，18621788748 ， ，上海 上海市 青浦区 上海市青浦区徐泾镇明珠路1018号D区4楼 ，000000 运送方式： 快递 物流公司： 韵达快递 运单号： 3100473560581 买家留言： 玫红色（短毛绒）
2020-01-10 11:51:32 [http-nio-8800-exec-3] page=15,row_index=11
2020-01-10 11:51:32 [http-nio-8800-exec-3] page=15,row_index=12
2020-01-10 11:51:32 [http-nio-8800-exec-3] page=15,row_index=13
2020-01-10 11:51:37 [http-nio-8800-exec-3] 2 物流信息 收货地址： 彭明松 ，18621788748 ， ，上海 上海市 青浦区 上海市青浦区徐泾镇明珠路1018号D区4楼 ，000000 运送方式： 快递 物流公司： — 运单号： — 买家留言：
2020-01-10 11:51:37 [http-nio-8800-exec-3] page=15,row_index=14
2020-01-10 11:51:43 [http-nio-8800-exec-3] 2 物流信息 收货地址： 彭明松 ，18621788748 ， ，上海 上海市 青浦区 上海市青浦区徐泾镇明珠路1018号D区4楼 ，000000 运送方式： 快递 物流公司： 圆通速递 运单号： 880180245788206723 买家留言： 尊享版★气质银,谢谢！ 发票信息： 发票抬头： 彭明松
2020-01-10 11:51:48 [http-nio-8800-exec-3] page=16, page_=16
2020-01-10 11:51:48 [http-nio-8800-exec-3] page=16,row_index=0
2020-01-10 11:51:53 [http-nio-8800-exec-3] 2 物流信息 收货地址： 彭明松 ，18621788748 ， ，上海 上海市 青浦区 上海市青浦区徐泾镇明珠路1018号D区4楼 ，000000 运送方式： 快递 物流公司： 韵达快递 运单号： 3922360022705 买家留言： 8065浅灰色43码，谢谢！
2020-01-10 11:51:53 [http-nio-8800-exec-3] page=16,row_index=1
2020-01-10 11:51:53 [http-nio-8800-exec-3] page=16,row_index=2
2020-01-10 11:51:53 [http-nio-8800-exec-3] page=16,row_index=3
2020-01-10 11:51:53 [http-nio-8800-exec-3] page=16,row_index=4
2020-01-10 11:51:59 [http-nio-8800-exec-3] 2 物流信息 收货地址： 李波 ，13148188309 ， ，上海 上海市 浦东新区 上海市浦东新区创新西路333弄116号402c ，000000 运送方式： 快递 物流公司： 中通快递 运单号： 728556617856 买家留言：
2020-01-10 11:51:59 [http-nio-8800-exec-3] page=16,row_index=5
2020-01-10 11:52:04 [http-nio-8800-exec-3] 2 物流信息 收货地址： 李波 ，13148188309 ， ，上海 上海市 浦东新区 上海市浦东新区创新西路333弄116号402c ，000000 运送方式： 快递 物流公司： 中通快递 运单号： 728556617856 买家留言：
2020-01-10 11:52:04 [http-nio-8800-exec-3] page=16,row_index=6
2020-01-10 11:52:09 [http-nio-8800-exec-3] 2 物流信息 收货地址： 高玮 ，13042761180 ， ，湖北省 十堰市 竹山县 千福路1号 ，000000 运送方式： 快递 物流公司： 中通快递 运单号： 761868927332 买家留言： 亲爱哒萌玮玮，我不在你身边你要照顾好自己呀，你很重要，你在我心里是最重要的最可爱的最美丽动人的！520，I LOVE YOU！特别的爱给特别的你！默默爱你的彭傻子。
2020-01-10 11:52:10 [http-nio-8800-exec-3] page=16,row_index=7
2020-01-10 11:52:10 [http-nio-8800-exec-3] page=16,row_index=8
2020-01-10 11:52:10 [http-nio-8800-exec-3] page=16,row_index=9
2020-01-10 11:52:10 [http-nio-8800-exec-3] page=16,row_index=10
2020-01-10 11:52:10 [http-nio-8800-exec-3] page=16,row_index=11
2020-01-10 11:52:10 [http-nio-8800-exec-3] page=16,row_index=12
2020-01-10 11:52:10 [http-nio-8800-exec-3] page=16,row_index=13
2020-01-10 11:52:10 [http-nio-8800-exec-3] page=16,row_index=14
2020-01-10 11:52:15 [http-nio-8800-exec-3] page=17, page_=17
2020-01-10 11:52:15 [http-nio-8800-exec-3] page=17,row_index=0
2020-01-10 11:52:15 [http-nio-8800-exec-3] page=17,row_index=1
2020-01-10 11:52:15 [http-nio-8800-exec-3] page=17,row_index=2
2020-01-10 11:52:15 [http-nio-8800-exec-3] page=17,row_index=3
2020-01-10 11:52:15 [http-nio-8800-exec-3] page=17,row_index=4
2020-01-10 11:53:36 [http-nio-8800-exec-8] absolute=/Users/longlongl/project_jar/static/images/alipay/0014788fe70cb4219be05810dd3c06f3.png
2020-01-10 11:55:34 [http-nio-8800-exec-8] 开始采集个人信息：null
2020-01-10 11:55:34 [http-nio-8800-exec-8] 采集个人信息失败 null, java.lang.NullPointerException
2020-01-10 11:56:28 [http-nio-8800-exec-2] 开始采集个人信息：18268884978
2020-01-10 11:56:43 [http-nio-8800-exec-5] 开始采集账单信息：18268884978
2020-01-10 11:56:52 [http-nio-8800-exec-5] 采集18268884978 2020-01账单信息
2020-01-10 11:56:55 [http-nio-8800-exec-5] 采集18268884978 2019-12账单信息
2020-01-10 11:56:59 [http-nio-8800-exec-5] 采集18268884978 2019-11账单信息
2020-01-10 11:57:02 [http-nio-8800-exec-5] 采集18268884978 2019-10账单信息
2020-01-10 11:57:05 [http-nio-8800-exec-5] 采集18268884978 2019-09账单信息
2020-01-10 11:57:08 [http-nio-8800-exec-5] 采集18268884978 2019-08账单信息
2020-01-10 11:57:11 [http-nio-8800-exec-5] 采集18268884978 2019-07账单信息
2020-01-10 11:57:15 [http-nio-8800-exec-5] 采集18268884978 2019-06账单信息
2020-01-10 11:57:18 [http-nio-8800-exec-5] 采集18268884978 2019-05账单信息
2020-01-10 11:57:21 [http-nio-8800-exec-5] 采集18268884978 2019-04账单信息
2020-01-10 11:57:24 [http-nio-8800-exec-5] 采集18268884978 2019-03账单信息
2020-01-10 11:57:27 [http-nio-8800-exec-5] 采集18268884978 2019-02账单信息
2020-01-10 11:57:30 [http-nio-8800-exec-5] 采集18268884978 2019-01账单信息
2020-01-10 12:00:50 [http-nio-8800-exec-8] 开始采集个人信息：18268884978
2020-01-10 12:01:05 [http-nio-8800-exec-6] 开始采集账单信息：18268884978
2020-01-10 12:01:14 [http-nio-8800-exec-6] 采集18268884978 2020-01账单信息
2020-01-10 12:01:18 [http-nio-8800-exec-6] 采集18268884978 2019-12账单信息
2020-01-10 12:01:21 [http-nio-8800-exec-6] 采集18268884978 2019-11账单信息
2020-01-10 12:01:24 [http-nio-8800-exec-6] 采集18268884978 2019-10账单信息
2020-01-10 12:01:27 [http-nio-8800-exec-6] 采集18268884978 2019-09账单信息
2020-01-10 12:01:30 [http-nio-8800-exec-6] 采集18268884978 2019-08账单信息
2020-01-10 12:01:34 [http-nio-8800-exec-6] 采集18268884978 2019-07账单信息
2020-01-10 12:01:37 [http-nio-8800-exec-6] 采集18268884978 2019-06账单信息
2020-01-10 12:01:40 [http-nio-8800-exec-6] 采集18268884978 2019-05账单信息
2020-01-10 12:01:43 [http-nio-8800-exec-6] 采集18268884978 2019-04账单信息
2020-01-10 12:01:46 [http-nio-8800-exec-6] 采集18268884978 2019-03账单信息
2020-01-10 12:01:49 [http-nio-8800-exec-6] 采集18268884978 2019-02账单信息
2020-01-10 12:01:53 [http-nio-8800-exec-6] 采集18268884978 2019-01账单信息
2020-01-10 12:02:07 [http-nio-8800-exec-1] 采集上网流量数据发生异常 18268884978,org.openqa.selenium.ElementClickInterceptedException: element click intercepted: Element <a id="jump_detail" href="javascript:void(0)">...</a> is not clickable at point (742, 475). Other element would receive the click: <div class="stc-easy-entry-item-ico stc-easy-entry-itemsty-love stc-easy-entry-other" flag="inner" ahref="rechargelove"></div>
  (Session info: headless chrome=78.0.3904.108)
Build info: version: '3.141.59', revision: 'e82be7d358', time: '2018-11-14T08:17:03'
System info: host: 'WIN-3ECEOOUQQCD', ip: '192.168.88.171', os.name: 'Windows 10', os.arch: 'amd64', os.version: '10.0', java.version: '1.8.0_111'
Driver info: org.openqa.selenium.chrome.ChromeDriver
Capabilities {acceptInsecureCerts: false, browserName: chrome, browserVersion: 78.0.3904.108, chrome: {chromedriverVersion: 78.0.3904.105 (60e2d8774a81..., userDataDir: C:\Users\ADMINI~1\AppData\L...}, goog:chromeOptions: {debuggerAddress: localhost:64812}, javascriptEnabled: true, networkConnectionEnabled: false, pageLoadStrategy: normal, platform: XP, platformName: XP, proxy: Proxy(), setWindowRect: true, strictFileInteractability: false, timeouts: {implicit: 0, pageLoad: 300000, script: 30000}, unhandledPromptBehavior: dismiss and notify}
Session ID: f04753bfa16ef45c95b02e19991cf266
2020-01-10 12:02:22 [http-nio-8800-exec-2] 开始采集充值记录信息：18268884978
2020-01-10 12:02:30 [http-nio-8800-exec-2] 成功插入18268884978 充值记录数据 1条 
2020-01-10 12:02:45 [http-nio-8800-exec-5] 开始采集套餐信息息：18268884978
2020-01-10 12:02:52 [http-nio-8800-exec-5] 成功插入18268884978 上网流量数据 1条 
2020-01-10 12:03:11 [http-nio-8800-exec-9] absolute=/Users/longlongl/project_jar/static/images/mobile/6530da39222e36c69a766b67206c0fa9.png
2020-01-10 12:04:08 [http-nio-8800-exec-10] absolute=/Users/longlongl/project_jar/static/images/mobile/6530da39222e36c69a766b67206c0fa9.png
2020-01-10 12:06:18 [http-nio-8800-exec-8] absolute=/Users/longlongl/project_jar/static/images/mobile/6530da39222e36c69a766b67206c0fa9.png
2020-01-10 12:07:39 [http-nio-8800-exec-2] absolute=/Users/longlongl/project_jar/static/images/mobile/6530da39222e36c69a766b67206c0fa9.png
2020-01-10 12:08:24 [http-nio-8800-exec-7] absolute=/Users/longlongl/project_jar/static/images/mobile/6530da39222e36c69a766b67206c0fa9.png
2020-01-10 13:52:55 [http-nio-8800-exec-8] absolute=/Users/longlongl/project_jar/static/images/alipay/20502001fa2959d57d9b5b7ebeaf2ef1.png
2020-01-10 13:54:44 [http-nio-8800-exec-9] absolute=/Users/longlongl/project_jar/static/images/alipay/6d3e326dad3e5e95d7eb084726313768.png
2020-01-10 14:15:26 [main] Starting DataSpiderApplication on WIN-3ECEOOUQQCD with PID 19892 (F:\famework\mobile\mobile\data-spider\target\classes started by Administrator in F:\famework\mobile\mobile\data-spider)
2020-01-10 14:15:26 [main] No active profile set, falling back to default profiles: default
2020-01-10 14:15:29 [main] Started DataSpiderApplication in 4.018 seconds (JVM running for 7.318)
